{
  "stats": {
    "suites": 7,
    "tests": 25,
    "passes": 25,
    "pending": 0,
    "failures": 0,
    "start": "2026-03-04T04:31:39.939Z",
    "end": "2026-03-04T04:32:03.880Z",
    "duration": 23941,
    "testsRegistered": 25,
    "passPercent": 100,
    "pendingPercent": 0,
    "other": 0,
    "hasOther": false,
    "skipped": 0,
    "hasSkipped": false
  },
  "results": [
    {
      "uuid": "d4e69d81-1103-466f-ba22-2cfa8a3480a7",
      "title": "",
      "fullFile": "cypress\\e2e\\basic.cy.js",
      "file": "cypress\\e2e\\basic.cy.js",
      "beforeHooks": [],
      "afterHooks": [],
      "tests": [],
      "suites": [
        {
          "uuid": "5f0b1e90-e147-41f3-8627-31fea3fb02a4",
          "title": "Basic selector & actions - sauce demo",
          "fullFile": "",
          "file": "",
          "beforeHooks": [],
          "afterHooks": [],
          "tests": [],
          "suites": [
            {
              "uuid": "35ef2731-d5d8-470b-9be2-bd3ce75d1fed",
              "title": "1. Visit page",
              "fullFile": "",
              "file": "",
              "beforeHooks": [],
              "afterHooks": [],
              "tests": [
                {
                  "title": "Should visit the login page (homepage)",
                  "fullTitle": "Basic selector & actions - sauce demo 1. Visit page Should visit the login page (homepage)",
                  "timedOut": null,
                  "duration": 2535,
                  "state": "passed",
                  "speed": "fast",
                  "pass": true,
                  "fail": false,
                  "pending": false,
                  "context": null,
                  "code": "cy.visit(\"https://saucedemo.com/\");\ncy.url().should(\"include\", \"saucedemo.com\");",
                  "err": {},
                  "uuid": "66704e15-7bfd-416f-ad56-5afc77c80d8e",
                  "parentUUID": "35ef2731-d5d8-470b-9be2-bd3ce75d1fed",
                  "isHook": false,
                  "skipped": false
                },
                {
                  "title": "Should visit the inventory page (after login)",
                  "fullTitle": "Basic selector & actions - sauce demo 1. Visit page Should visit the inventory page (after login)",
                  "timedOut": null,
                  "duration": 1735,
                  "state": "passed",
                  "speed": "fast",
                  "pass": true,
                  "fail": false,
                  "pending": false,
                  "context": null,
                  "code": "cy.visit(\"https://saucedemo.com/\");\ncy.get(\"#user-name\").type(\"standard_user\");\ncy.get(\"#password\").type(\"secret_sauce\");\ncy.get(\"#login-button\").click();\ncy.location(\"pathname\").should(\"eq\", \"/inventory.html\");",
                  "err": {},
                  "uuid": "6354f0ae-e421-44df-8b8f-76850e2d5ea0",
                  "parentUUID": "35ef2731-d5d8-470b-9be2-bd3ce75d1fed",
                  "isHook": false,
                  "skipped": false
                },
                {
                  "title": "Should visit the cart page (after login()",
                  "fullTitle": "Basic selector & actions - sauce demo 1. Visit page Should visit the cart page (after login()",
                  "timedOut": null,
                  "duration": 1475,
                  "state": "passed",
                  "speed": "fast",
                  "pass": true,
                  "fail": false,
                  "pending": false,
                  "context": null,
                  "code": "cy.visit(\"https://saucedemo.com/\");\ncy.get(\"#user-name\").type(\"standard_user\");\ncy.get(\"#password\").type(\"secret_sauce\");\ncy.get(\"#login-button\").click();\ncy.get(\".shopping_cart_link\").click();\ncy.url().should(\"eq\", \"https://www.saucedemo.com/cart.html\");",
                  "err": {},
                  "uuid": "eea56782-547e-4986-82e7-f024d35ac038",
                  "parentUUID": "35ef2731-d5d8-470b-9be2-bd3ce75d1fed",
                  "isHook": false,
                  "skipped": false
                }
              ],
              "suites": [],
              "passes": [
                "66704e15-7bfd-416f-ad56-5afc77c80d8e",
                "6354f0ae-e421-44df-8b8f-76850e2d5ea0",
                "eea56782-547e-4986-82e7-f024d35ac038"
              ],
              "failures": [],
              "pending": [],
              "skipped": [],
              "duration": 5745,
              "root": false,
              "rootEmpty": false,
              "_timeout": 2000
            },
            {
              "uuid": "258c8669-dc0e-48d5-8f31-75ab05c96c92",
              "title": "2. cy.get - mengambil element",
              "fullFile": "",
              "file": "",
              "beforeHooks": [],
              "afterHooks": [],
              "tests": [
                {
                  "title": "get element by id -> #user-name",
                  "fullTitle": "Basic selector & actions - sauce demo 2. cy.get - mengambil element get element by id -> #user-name",
                  "timedOut": null,
                  "duration": 837,
                  "state": "passed",
                  "speed": "fast",
                  "pass": true,
                  "fail": false,
                  "pending": false,
                  "context": null,
                  "code": "cy.get(\"#user-name\").type(\"standard_user\");",
                  "err": {},
                  "uuid": "61c9217e-35cf-4e94-abf7-c9b329ecc248",
                  "parentUUID": "258c8669-dc0e-48d5-8f31-75ab05c96c92",
                  "isHook": false,
                  "skipped": false
                },
                {
                  "title": "get element by class -> .login_container",
                  "fullTitle": "Basic selector & actions - sauce demo 2. cy.get - mengambil element get element by class -> .login_container",
                  "timedOut": null,
                  "duration": 222,
                  "state": "passed",
                  "speed": "fast",
                  "pass": true,
                  "fail": false,
                  "pending": false,
                  "context": null,
                  "code": "cy.get(\".login_container\").should(\"be.visible\");",
                  "err": {},
                  "uuid": "3f920b45-258e-43f0-aa57-f50dc11036a2",
                  "parentUUID": "258c8669-dc0e-48d5-8f31-75ab05c96c92",
                  "isHook": false,
                  "skipped": false
                },
                {
                  "title": "get element by tag -> input",
                  "fullTitle": "Basic selector & actions - sauce demo 2. cy.get - mengambil element get element by tag -> input",
                  "timedOut": null,
                  "duration": 222,
                  "state": "passed",
                  "speed": "fast",
                  "pass": true,
                  "fail": false,
                  "pending": false,
                  "context": null,
                  "code": "cy.get(\"input\").should(\"exist\");",
                  "err": {},
                  "uuid": "c6a7853f-09e2-4fb2-ad7b-75f4b2ae8d42",
                  "parentUUID": "258c8669-dc0e-48d5-8f31-75ab05c96c92",
                  "isHook": false,
                  "skipped": false
                },
                {
                  "title": "get element by attribute -> input[type=\"password\"]",
                  "fullTitle": "Basic selector & actions - sauce demo 2. cy.get - mengambil element get element by attribute -> input[type=\"password\"]",
                  "timedOut": null,
                  "duration": 230,
                  "state": "passed",
                  "speed": "fast",
                  "pass": true,
                  "fail": false,
                  "pending": false,
                  "context": null,
                  "code": "cy.get('input[type=\"password\"]').should(\"exist\");",
                  "err": {},
                  "uuid": "769d6a1b-1bdf-4861-b2ed-ee5bcff66b63",
                  "parentUUID": "258c8669-dc0e-48d5-8f31-75ab05c96c92",
                  "isHook": false,
                  "skipped": false
                },
                {
                  "title": "get element by combined selector -> input#user-name",
                  "fullTitle": "Basic selector & actions - sauce demo 2. cy.get - mengambil element get element by combined selector -> input#user-name",
                  "timedOut": null,
                  "duration": 214,
                  "state": "passed",
                  "speed": "fast",
                  "pass": true,
                  "fail": false,
                  "pending": false,
                  "context": null,
                  "code": "cy.get(\"input#user-name\").should(\"exist\");",
                  "err": {},
                  "uuid": "082ce9a0-cc58-4375-b79e-972faddb7696",
                  "parentUUID": "258c8669-dc0e-48d5-8f31-75ab05c96c92",
                  "isHook": false,
                  "skipped": false
                },
                {
                  "title": "get element by text -> cy.contains()",
                  "fullTitle": "Basic selector & actions - sauce demo 2. cy.get - mengambil element get element by text -> cy.contains()",
                  "timedOut": null,
                  "duration": 265,
                  "state": "passed",
                  "speed": "fast",
                  "pass": true,
                  "fail": false,
                  "pending": false,
                  "context": null,
                  "code": "cy.contains(\"Swag Labs\").should(\"be.visible\");",
                  "err": {},
                  "uuid": "58e2cd08-f34a-4dce-b5f8-410828434e1b",
                  "parentUUID": "258c8669-dc0e-48d5-8f31-75ab05c96c92",
                  "isHook": false,
                  "skipped": false
                }
              ],
              "suites": [],
              "passes": [
                "61c9217e-35cf-4e94-abf7-c9b329ecc248",
                "3f920b45-258e-43f0-aa57-f50dc11036a2",
                "c6a7853f-09e2-4fb2-ad7b-75f4b2ae8d42",
                "769d6a1b-1bdf-4861-b2ed-ee5bcff66b63",
                "082ce9a0-cc58-4375-b79e-972faddb7696",
                "58e2cd08-f34a-4dce-b5f8-410828434e1b"
              ],
              "failures": [],
              "pending": [],
              "skipped": [],
              "duration": 1990,
              "root": false,
              "rootEmpty": false,
              "_timeout": 2000
            },
            {
              "uuid": "48db0a38-bc4e-493d-9ceb-9eecd2cb0d59",
              "title": "2. cy.get - Mengambil Element",
              "fullFile": "",
              "file": "",
              "beforeHooks": [],
              "afterHooks": [],
              "tests": [
                {
                  "title": "get element by ID → #user-name",
                  "fullTitle": "Basic selector & actions - sauce demo 2. cy.get - Mengambil Element get element by ID → #user-name",
                  "timedOut": null,
                  "duration": 155,
                  "state": "passed",
                  "speed": "fast",
                  "pass": true,
                  "fail": false,
                  "pending": false,
                  "context": null,
                  "code": "cy.get(\"#user-name\").should(\"exist\");\n// # → CSS selector untuk ID\n// .should('exist') → Memverifikasi elemen ada di DOM",
                  "err": {},
                  "uuid": "135b8b34-9a19-4910-89a1-610c7ce60780",
                  "parentUUID": "48db0a38-bc4e-493d-9ceb-9eecd2cb0d59",
                  "isHook": false,
                  "skipped": false
                },
                {
                  "title": "get element by Class → .login_container",
                  "fullTitle": "Basic selector & actions - sauce demo 2. cy.get - Mengambil Element get element by Class → .login_container",
                  "timedOut": null,
                  "duration": 146,
                  "state": "passed",
                  "speed": "fast",
                  "pass": true,
                  "fail": false,
                  "pending": false,
                  "context": null,
                  "code": "cy.get(\".login_container\").should(\"be.visible\");\n// . → CSS selector untuk Class\n// 'be.visible' → Elemen ada di DOM DAN terlihat oleh user",
                  "err": {},
                  "uuid": "02124010-f316-437b-a9b0-1a5036001f8a",
                  "parentUUID": "48db0a38-bc4e-493d-9ceb-9eecd2cb0d59",
                  "isHook": false,
                  "skipped": false
                },
                {
                  "title": "get element by Tag → input",
                  "fullTitle": "Basic selector & actions - sauce demo 2. cy.get - Mengambil Element get element by Tag → input",
                  "timedOut": null,
                  "duration": 166,
                  "state": "passed",
                  "speed": "fast",
                  "pass": true,
                  "fail": false,
                  "pending": false,
                  "context": null,
                  "code": "cy.get(\"input\").should(\"exist\");\n// Tanpa # atau . → Mengambil berdasarkan tag HTML langsung",
                  "err": {},
                  "uuid": "e9242edb-38af-410f-bb55-380f9ffdee84",
                  "parentUUID": "48db0a38-bc4e-493d-9ceb-9eecd2cb0d59",
                  "isHook": false,
                  "skipped": false
                },
                {
                  "title": "get element by Attribute → input[type=\"password\"]",
                  "fullTitle": "Basic selector & actions - sauce demo 2. cy.get - Mengambil Element get element by Attribute → input[type=\"password\"]",
                  "timedOut": null,
                  "duration": 159,
                  "state": "passed",
                  "speed": "fast",
                  "pass": true,
                  "fail": false,
                  "pending": false,
                  "context": null,
                  "code": "cy.get('input[type=\"password\"]').should(\"exist\");\n// [attribute=\"value\"] → Selector berdasarkan atribut HTML\n// Mengambil <input> yang punya type=\"password\"",
                  "err": {},
                  "uuid": "f9b088ae-a372-4717-9ded-4bbfb71f5780",
                  "parentUUID": "48db0a38-bc4e-493d-9ceb-9eecd2cb0d59",
                  "isHook": false,
                  "skipped": false
                },
                {
                  "title": "get element by Combined selector → input#user-name",
                  "fullTitle": "Basic selector & actions - sauce demo 2. cy.get - Mengambil Element get element by Combined selector → input#user-name",
                  "timedOut": null,
                  "duration": 115,
                  "state": "passed",
                  "speed": "fast",
                  "pass": true,
                  "fail": false,
                  "pending": false,
                  "context": null,
                  "code": "cy.get(\"input#user-name\").should(\"exist\");\n// Kombinasi: tag + ID → lebih spesifik\n// Cari elemen <input> yang punya id=\"user-name\"",
                  "err": {},
                  "uuid": "42406bbd-4dad-492c-8c1b-25139f723f96",
                  "parentUUID": "48db0a38-bc4e-493d-9ceb-9eecd2cb0d59",
                  "isHook": false,
                  "skipped": false
                },
                {
                  "title": "get element by Text → cy.contains()",
                  "fullTitle": "Basic selector & actions - sauce demo 2. cy.get - Mengambil Element get element by Text → cy.contains()",
                  "timedOut": null,
                  "duration": 129,
                  "state": "passed",
                  "speed": "fast",
                  "pass": true,
                  "fail": false,
                  "pending": false,
                  "context": null,
                  "code": "cy.contains(\"Swag Labs\").should(\"be.visible\");\n// cy.contains() → Mencari elemen berdasarkan TEXT CONTENT\n// Berbeda dengan cy.get() yang pakai CSS selector",
                  "err": {},
                  "uuid": "3a716351-d068-41b1-b78b-a08a42ab10aa",
                  "parentUUID": "48db0a38-bc4e-493d-9ceb-9eecd2cb0d59",
                  "isHook": false,
                  "skipped": false
                }
              ],
              "suites": [],
              "passes": [
                "135b8b34-9a19-4910-89a1-610c7ce60780",
                "02124010-f316-437b-a9b0-1a5036001f8a",
                "e9242edb-38af-410f-bb55-380f9ffdee84",
                "f9b088ae-a372-4717-9ded-4bbfb71f5780",
                "42406bbd-4dad-492c-8c1b-25139f723f96",
                "3a716351-d068-41b1-b78b-a08a42ab10aa"
              ],
              "failures": [],
              "pending": [],
              "skipped": [],
              "duration": 870,
              "root": false,
              "rootEmpty": false,
              "_timeout": 2000
            },
            {
              "uuid": "674877df-b349-43df-a1d0-79d8ab590823",
              "title": "4. Click - Klik Element",
              "fullFile": "",
              "file": "",
              "beforeHooks": [],
              "afterHooks": [],
              "tests": [
                {
                  "title": "should click login button to login",
                  "fullTitle": "Basic selector & actions - sauce demo 4. Click - Klik Element should click login button to login",
                  "timedOut": null,
                  "duration": 847,
                  "state": "passed",
                  "speed": "fast",
                  "pass": true,
                  "fail": false,
                  "pending": false,
                  "context": null,
                  "code": "cy.visit(\"https://www.saucedemo.com/\");\ncy.get(\"#user-name\").type(\"standard_user\");\ncy.get(\"#password\").type(\"secret_sauce\");\ncy.get(\"#login-button\").click();\ncy.url().should(\"include\", \"/inventory.html\");",
                  "err": {},
                  "uuid": "07693b4d-d600-4d34-91e8-6f1da3df2b35",
                  "parentUUID": "674877df-b349-43df-a1d0-79d8ab590823",
                  "isHook": false,
                  "skipped": false
                }
              ],
              "suites": [
                {
                  "uuid": "f67922ea-594d-454b-b47b-a88230076321",
                  "title": "5. Assertions - Validasi Element",
                  "fullFile": "",
                  "file": "",
                  "beforeHooks": [],
                  "afterHooks": [],
                  "tests": [
                    {
                      "title": "should verify element EXISTS",
                      "fullTitle": "Basic selector & actions - sauce demo 4. Click - Klik Element 5. Assertions - Validasi Element should verify element EXISTS",
                      "timedOut": null,
                      "duration": 142,
                      "state": "passed",
                      "speed": "fast",
                      "pass": true,
                      "fail": false,
                      "pending": false,
                      "context": null,
                      "code": "cy.get(\".login_container\").should(\"exist\");",
                      "err": {},
                      "uuid": "3123e16b-d40b-4b80-adfd-324481c8a018",
                      "parentUUID": "f67922ea-594d-454b-b47b-a88230076321",
                      "isHook": false,
                      "skipped": false
                    },
                    {
                      "title": "should verify element IS VISIBLE",
                      "fullTitle": "Basic selector & actions - sauce demo 4. Click - Klik Element 5. Assertions - Validasi Element should verify element IS VISIBLE",
                      "timedOut": null,
                      "duration": 130,
                      "state": "passed",
                      "speed": "fast",
                      "pass": true,
                      "fail": false,
                      "pending": false,
                      "context": null,
                      "code": "cy.get(\".login_container\").should(\"be.visible\");",
                      "err": {},
                      "uuid": "16d47a58-99b0-4bfc-95d4-b7fb3c3a3944",
                      "parentUUID": "f67922ea-594d-454b-b47b-a88230076321",
                      "isHook": false,
                      "skipped": false
                    },
                    {
                      "title": "should verify element HAS ATTRIBUTE",
                      "fullTitle": "Basic selector & actions - sauce demo 4. Click - Klik Element 5. Assertions - Validasi Element should verify element HAS ATTRIBUTE",
                      "timedOut": null,
                      "duration": 139,
                      "state": "passed",
                      "speed": "fast",
                      "pass": true,
                      "fail": false,
                      "pending": false,
                      "context": null,
                      "code": "cy.get(\"#user-name\").should(\"have.attr\", \"placeholder\", \"Username\");",
                      "err": {},
                      "uuid": "744fcc4d-cc10-4a0f-921e-df35ba4d9b6e",
                      "parentUUID": "f67922ea-594d-454b-b47b-a88230076321",
                      "isHook": false,
                      "skipped": false
                    },
                    {
                      "title": "should verify element count (HAVE LENGTH)",
                      "fullTitle": "Basic selector & actions - sauce demo 4. Click - Klik Element 5. Assertions - Validasi Element should verify element count (HAVE LENGTH)",
                      "timedOut": null,
                      "duration": 130,
                      "state": "passed",
                      "speed": "fast",
                      "pass": true,
                      "fail": false,
                      "pending": false,
                      "context": null,
                      "code": "cy.get(\"input\").should(\"have.length.greaterThan\", 1);",
                      "err": {},
                      "uuid": "c35c9390-d3e7-4dd7-a578-389d9f9e0751",
                      "parentUUID": "f67922ea-594d-454b-b47b-a88230076321",
                      "isHook": false,
                      "skipped": false
                    },
                    {
                      "title": "should verify page TITLE",
                      "fullTitle": "Basic selector & actions - sauce demo 4. Click - Klik Element 5. Assertions - Validasi Element should verify page TITLE",
                      "timedOut": null,
                      "duration": 140,
                      "state": "passed",
                      "speed": "fast",
                      "pass": true,
                      "fail": false,
                      "pending": false,
                      "context": null,
                      "code": "cy.title().should(\"contain\", \"Swag Labs\");",
                      "err": {},
                      "uuid": "091abe99-faf4-4b8a-a9d3-43755e391534",
                      "parentUUID": "f67922ea-594d-454b-b47b-a88230076321",
                      "isHook": false,
                      "skipped": false
                    },
                    {
                      "title": "should verify URL contains specific path",
                      "fullTitle": "Basic selector & actions - sauce demo 4. Click - Klik Element 5. Assertions - Validasi Element should verify URL contains specific path",
                      "timedOut": null,
                      "duration": 154,
                      "state": "passed",
                      "speed": "fast",
                      "pass": true,
                      "fail": false,
                      "pending": false,
                      "context": null,
                      "code": "cy.url().should(\"include\", \"saucedemo.com\");",
                      "err": {},
                      "uuid": "5532932d-90f0-4081-a90b-e9eb620e013e",
                      "parentUUID": "f67922ea-594d-454b-b47b-a88230076321",
                      "isHook": false,
                      "skipped": false
                    }
                  ],
                  "suites": [],
                  "passes": [
                    "3123e16b-d40b-4b80-adfd-324481c8a018",
                    "16d47a58-99b0-4bfc-95d4-b7fb3c3a3944",
                    "744fcc4d-cc10-4a0f-921e-df35ba4d9b6e",
                    "c35c9390-d3e7-4dd7-a578-389d9f9e0751",
                    "091abe99-faf4-4b8a-a9d3-43755e391534",
                    "5532932d-90f0-4081-a90b-e9eb620e013e"
                  ],
                  "failures": [],
                  "pending": [],
                  "skipped": [],
                  "duration": 835,
                  "root": false,
                  "rootEmpty": false,
                  "_timeout": 2000
                },
                {
                  "uuid": "a600ba9b-3e6a-4433-9ce9-eb8757a45bd6",
                  "title": "6. Wait - Menunggu",
                  "fullFile": "",
                  "file": "",
                  "beforeHooks": [],
                  "afterHooks": [],
                  "tests": [
                    {
                      "title": "should wait 2 seconds before checking the page",
                      "fullTitle": "Basic selector & actions - sauce demo 4. Click - Klik Element 6. Wait - Menunggu should wait 2 seconds before checking the page",
                      "timedOut": null,
                      "duration": 2159,
                      "state": "passed",
                      "speed": "fast",
                      "pass": true,
                      "fail": false,
                      "pending": false,
                      "context": null,
                      "code": "cy.visit(\"https://www.saucedemo.com/\");\ncy.wait(2000); // Tunggu 2 detik\ncy.get(\".login_container\").should(\"be.visible\");",
                      "err": {},
                      "uuid": "79055d7e-4569-44b4-be3e-7433749d4d91",
                      "parentUUID": "a600ba9b-3e6a-4433-9ce9-eb8757a45bd6",
                      "isHook": false,
                      "skipped": false
                    },
                    {
                      "title": "should wait between actions",
                      "fullTitle": "Basic selector & actions - sauce demo 4. Click - Klik Element 6. Wait - Menunggu should wait between actions",
                      "timedOut": null,
                      "duration": 2816,
                      "state": "passed",
                      "speed": "fast",
                      "pass": true,
                      "fail": false,
                      "pending": false,
                      "context": null,
                      "code": "cy.visit(\"https://www.saucedemo.com/\");\ncy.get(\"#user-name\").type(\"standard_user\");\ncy.wait(1000); // Tunggu 1 detik\ncy.get(\"#password\").type(\"secret_sauce\");\ncy.wait(1000); // Tunggu 1 detik\ncy.get(\"#user-name\").should(\"have.value\", \"standard_user\");\ncy.get(\"#password\").should(\"have.value\", \"secret_sauce\");",
                      "err": {},
                      "uuid": "7028a59a-6929-4d93-9d41-d114af1c4bae",
                      "parentUUID": "a600ba9b-3e6a-4433-9ce9-eb8757a45bd6",
                      "isHook": false,
                      "skipped": false
                    },
                    {
                      "title": "should wait after clicking login",
                      "fullTitle": "Basic selector & actions - sauce demo 4. Click - Klik Element 6. Wait - Menunggu should wait after clicking login",
                      "timedOut": null,
                      "duration": 3901,
                      "state": "passed",
                      "speed": "fast",
                      "pass": true,
                      "fail": false,
                      "pending": false,
                      "context": null,
                      "code": "cy.visit(\"https://www.saucedemo.com/\");\ncy.get(\"#user-name\").type(\"standard_user\");\ncy.get(\"#password\").type(\"secret_sauce\");\ncy.get(\"#login-button\").click();\ncy.wait(2000); // Tunggu halaman selesai load\ncy.url().should(\"include\", \"/inventory.html\");\ncy.get(\".title\").should(\"contain.text\", \"Products\");",
                      "err": {},
                      "uuid": "ef804375-b835-401b-a504-a0beacefb15e",
                      "parentUUID": "a600ba9b-3e6a-4433-9ce9-eb8757a45bd6",
                      "isHook": false,
                      "skipped": false
                    }
                  ],
                  "suites": [],
                  "passes": [
                    "79055d7e-4569-44b4-be3e-7433749d4d91",
                    "7028a59a-6929-4d93-9d41-d114af1c4bae",
                    "ef804375-b835-401b-a504-a0beacefb15e"
                  ],
                  "failures": [],
                  "pending": [],
                  "skipped": [],
                  "duration": 8876,
                  "root": false,
                  "rootEmpty": false,
                  "_timeout": 2000
                }
              ],
              "passes": [
                "07693b4d-d600-4d34-91e8-6f1da3df2b35"
              ],
              "failures": [],
              "pending": [],
              "skipped": [],
              "duration": 847,
              "root": false,
              "rootEmpty": false,
              "_timeout": 2000
            }
          ],
          "passes": [],
          "failures": [],
          "pending": [],
          "skipped": [],
          "duration": 0,
          "root": false,
          "rootEmpty": false,
          "_timeout": 2000
        }
      ],
      "passes": [],
      "failures": [],
      "pending": [],
      "skipped": [],
      "duration": 0,
      "root": true,
      "rootEmpty": true,
      "_timeout": 2000
    }
  ],
  "meta": {
    "mocha": {
      "version": "7.2.0"
    },
    "mochawesome": {
      "options": {
        "quiet": false,
        "reportFilename": "mochawesome",
        "saveHtml": true,
        "saveJson": true,
        "consoleReporter": "spec",
        "useInlineDiffs": false,
        "code": true
      },
      "version": "7.1.4"
    },
    "marge": {
      "options": {
        "reportDir": "cypress/results",
        "overwrite": false,
        "html": true,
        "json": true
      },
      "version": "6.3.2"
    }
  }
}