{
  "stats": {
    "suites": 1,
    "tests": 2,
    "passes": 2,
    "pending": 0,
    "failures": 0,
    "start": "2026-03-03T04:35:25.276Z",
    "end": "2026-03-03T04:35:30.696Z",
    "duration": 5420,
    "testsRegistered": 2,
    "passPercent": 100,
    "pendingPercent": 0,
    "other": 0,
    "hasOther": false,
    "skipped": 0,
    "hasSkipped": false
  },
  "results": [
    {
      "uuid": "f062216f-8251-49cb-8451-1f657a3db1e1",
      "title": "",
      "fullFile": "cypress\\e2e\\loginPage.cy.js",
      "file": "cypress\\e2e\\loginPage.cy.js",
      "beforeHooks": [],
      "afterHooks": [],
      "tests": [],
      "suites": [
        {
          "uuid": "62c90311-4d3f-41e0-8ed5-9cbf379a341b",
          "title": "Data Driven Testing - Login Page",
          "fullFile": "",
          "file": "",
          "beforeHooks": [],
          "afterHooks": [],
          "tests": [
            {
              "title": "TC01 - Berhasil login dengan kredensial valid",
              "fullTitle": "Data Driven Testing - Login Page TC01 - Berhasil login dengan kredensial valid",
              "timedOut": null,
              "duration": 2122,
              "state": "passed",
              "speed": "fast",
              "pass": true,
              "fail": false,
              "pending": false,
              "context": null,
              "code": "const {\n  user_name,\n  password\n} = loginData.validLogin;\ncy.get('#user-name').clear().type(user_name);\ncy.get('#password').clear().type(password);\ncy.get('#login-button').click();\n// Validasi: redirect ke halaman inventory\ncy.url().should('include', '/inventory.html');\ncy.url().should('not.include', 'saucedemo.com/$');",
              "err": {},
              "uuid": "72a4b328-5e9e-47be-a914-2fc77caae6dc",
              "parentUUID": "62c90311-4d3f-41e0-8ed5-9cbf379a341b",
              "isHook": false,
              "skipped": false
            },
            {
              "title": "TC02 - Gagal login dengan kredensial tidak valid",
              "fullTitle": "Data Driven Testing - Login Page TC02 - Gagal login dengan kredensial tidak valid",
              "timedOut": null,
              "duration": 1420,
              "state": "passed",
              "speed": "fast",
              "pass": true,
              "fail": false,
              "pending": false,
              "context": null,
              "code": "const {\n  user_name,\n  password\n} = loginData.invalidLogin;\ncy.get('#user-name').clear().type(user_name);\ncy.get('#password').clear().type(password);\ncy.get('#login-button').click();\n// Validasi: tetap di halaman login & muncul pesan error\ncy.url().should('eq', 'https://www.saucedemo.com/');\ncy.get('[data-test=\"error\"]').should('be.visible');",
              "err": {},
              "uuid": "3d682b2a-f99e-4ae1-add1-560be73cc5c1",
              "parentUUID": "62c90311-4d3f-41e0-8ed5-9cbf379a341b",
              "isHook": false,
              "skipped": false
            }
          ],
          "suites": [],
          "passes": [
            "72a4b328-5e9e-47be-a914-2fc77caae6dc",
            "3d682b2a-f99e-4ae1-add1-560be73cc5c1"
          ],
          "failures": [],
          "pending": [],
          "skipped": [],
          "duration": 3542,
          "root": false,
          "rootEmpty": false,
          "_timeout": 2000
        }
      ],
      "passes": [],
      "failures": [],
      "pending": [],
      "skipped": [],
      "duration": 0,
      "root": true,
      "rootEmpty": true,
      "_timeout": 2000
    }
  ],
  "meta": {
    "mocha": {
      "version": "7.2.0"
    },
    "mochawesome": {
      "options": {
        "quiet": false,
        "reportFilename": "mochawesome",
        "saveHtml": true,
        "saveJson": true,
        "consoleReporter": "spec",
        "useInlineDiffs": false,
        "code": true
      },
      "version": "7.1.4"
    },
    "marge": {
      "options": {
        "reportDir": "cypress/results",
        "overwrite": false,
        "html": true,
        "json": true
      },
      "version": "6.3.2"
    }
  }
}