{
  "stats": {
    "suites": 7,
    "tests": 25,
    "passes": 25,
    "pending": 0,
    "failures": 0,
    "start": "2026-03-03T04:34:59.957Z",
    "end": "2026-03-03T04:35:22.177Z",
    "duration": 22220,
    "testsRegistered": 25,
    "passPercent": 100,
    "pendingPercent": 0,
    "other": 0,
    "hasOther": false,
    "skipped": 0,
    "hasSkipped": false
  },
  "results": [
    {
      "uuid": "19278e74-1c9e-4d12-8f9e-34f5ac769604",
      "title": "",
      "fullFile": "cypress\\e2e\\basic.cy.js",
      "file": "cypress\\e2e\\basic.cy.js",
      "beforeHooks": [],
      "afterHooks": [],
      "tests": [],
      "suites": [
        {
          "uuid": "d4043ba4-fd1b-47c2-ab7b-07535021d7fa",
          "title": "Basic selector & actions - sauce demo",
          "fullFile": "",
          "file": "",
          "beforeHooks": [],
          "afterHooks": [],
          "tests": [],
          "suites": [
            {
              "uuid": "3ad58076-348f-4f5c-b194-d42990c01126",
              "title": "1. Visit page",
              "fullFile": "",
              "file": "",
              "beforeHooks": [],
              "afterHooks": [],
              "tests": [
                {
                  "title": "Should visit the login page (homepage)",
                  "fullTitle": "Basic selector & actions - sauce demo 1. Visit page Should visit the login page (homepage)",
                  "timedOut": null,
                  "duration": 2093,
                  "state": "passed",
                  "speed": "fast",
                  "pass": true,
                  "fail": false,
                  "pending": false,
                  "context": null,
                  "code": "cy.visit(\"https://saucedemo.com/\");\ncy.url().should(\"include\", \"saucedemo.com\");",
                  "err": {},
                  "uuid": "f3a38254-4659-4ac0-bc0b-09cc864caa57",
                  "parentUUID": "3ad58076-348f-4f5c-b194-d42990c01126",
                  "isHook": false,
                  "skipped": false
                },
                {
                  "title": "Should visit the inventory page (after login)",
                  "fullTitle": "Basic selector & actions - sauce demo 1. Visit page Should visit the inventory page (after login)",
                  "timedOut": null,
                  "duration": 1106,
                  "state": "passed",
                  "speed": "fast",
                  "pass": true,
                  "fail": false,
                  "pending": false,
                  "context": null,
                  "code": "cy.visit(\"https://saucedemo.com/\");\ncy.get(\"#user-name\").type(\"standard_user\");\ncy.get(\"#password\").type(\"secret_sauce\");\ncy.get(\"#login-button\").click();\ncy.location(\"pathname\").should(\"eq\", \"/inventory.html\");",
                  "err": {},
                  "uuid": "bd4dd854-2b52-46e3-8bf9-b1b1e44d458b",
                  "parentUUID": "3ad58076-348f-4f5c-b194-d42990c01126",
                  "isHook": false,
                  "skipped": false
                },
                {
                  "title": "Should visit the cart page (after login()",
                  "fullTitle": "Basic selector & actions - sauce demo 1. Visit page Should visit the cart page (after login()",
                  "timedOut": null,
                  "duration": 3318,
                  "state": "passed",
                  "speed": "fast",
                  "pass": true,
                  "fail": false,
                  "pending": false,
                  "context": null,
                  "code": "cy.visit(\"https://saucedemo.com/\");\ncy.get(\"#user-name\").type(\"standard_user\");\ncy.get(\"#password\").type(\"secret_sauce\");\ncy.get(\"#login-button\").click();\ncy.get(\".shopping_cart_link\").click();\ncy.url().should(\"eq\", \"https://www.saucedemo.com/cart.html\");",
                  "err": {},
                  "uuid": "89b4e7a8-c129-409f-957b-3860b0471f1d",
                  "parentUUID": "3ad58076-348f-4f5c-b194-d42990c01126",
                  "isHook": false,
                  "skipped": false
                }
              ],
              "suites": [],
              "passes": [
                "f3a38254-4659-4ac0-bc0b-09cc864caa57",
                "bd4dd854-2b52-46e3-8bf9-b1b1e44d458b",
                "89b4e7a8-c129-409f-957b-3860b0471f1d"
              ],
              "failures": [],
              "pending": [],
              "skipped": [],
              "duration": 6517,
              "root": false,
              "rootEmpty": false,
              "_timeout": 2000
            },
            {
              "uuid": "c62b10cd-96b6-4876-a46b-f8a6824c40d9",
              "title": "2. cy.get - mengambil element",
              "fullFile": "",
              "file": "",
              "beforeHooks": [],
              "afterHooks": [],
              "tests": [
                {
                  "title": "get element by id -> #user-name",
                  "fullTitle": "Basic selector & actions - sauce demo 2. cy.get - mengambil element get element by id -> #user-name",
                  "timedOut": null,
                  "duration": 495,
                  "state": "passed",
                  "speed": "fast",
                  "pass": true,
                  "fail": false,
                  "pending": false,
                  "context": null,
                  "code": "cy.get(\"#user-name\").type(\"standard_user\");",
                  "err": {},
                  "uuid": "75c71041-f80b-4826-b8ce-d727eedfff9e",
                  "parentUUID": "c62b10cd-96b6-4876-a46b-f8a6824c40d9",
                  "isHook": false,
                  "skipped": false
                },
                {
                  "title": "get element by class -> .login_container",
                  "fullTitle": "Basic selector & actions - sauce demo 2. cy.get - mengambil element get element by class -> .login_container",
                  "timedOut": null,
                  "duration": 126,
                  "state": "passed",
                  "speed": "fast",
                  "pass": true,
                  "fail": false,
                  "pending": false,
                  "context": null,
                  "code": "cy.get(\".login_container\").should(\"be.visible\");",
                  "err": {},
                  "uuid": "a39c0050-6890-4fec-99ad-88fffca640df",
                  "parentUUID": "c62b10cd-96b6-4876-a46b-f8a6824c40d9",
                  "isHook": false,
                  "skipped": false
                },
                {
                  "title": "get element by tag -> input",
                  "fullTitle": "Basic selector & actions - sauce demo 2. cy.get - mengambil element get element by tag -> input",
                  "timedOut": null,
                  "duration": 159,
                  "state": "passed",
                  "speed": "fast",
                  "pass": true,
                  "fail": false,
                  "pending": false,
                  "context": null,
                  "code": "cy.get(\"input\").should(\"exist\");",
                  "err": {},
                  "uuid": "3029ac92-fa8e-49e6-bb39-22e7834fdcfd",
                  "parentUUID": "c62b10cd-96b6-4876-a46b-f8a6824c40d9",
                  "isHook": false,
                  "skipped": false
                },
                {
                  "title": "get element by attribute -> input[type=\"password\"]",
                  "fullTitle": "Basic selector & actions - sauce demo 2. cy.get - mengambil element get element by attribute -> input[type=\"password\"]",
                  "timedOut": null,
                  "duration": 124,
                  "state": "passed",
                  "speed": "fast",
                  "pass": true,
                  "fail": false,
                  "pending": false,
                  "context": null,
                  "code": "cy.get('input[type=\"password\"]').should(\"exist\");",
                  "err": {},
                  "uuid": "640d82a1-bcff-40b5-9907-1dce559fa2aa",
                  "parentUUID": "c62b10cd-96b6-4876-a46b-f8a6824c40d9",
                  "isHook": false,
                  "skipped": false
                },
                {
                  "title": "get element by combined selector -> input#user-name",
                  "fullTitle": "Basic selector & actions - sauce demo 2. cy.get - mengambil element get element by combined selector -> input#user-name",
                  "timedOut": null,
                  "duration": 126,
                  "state": "passed",
                  "speed": "fast",
                  "pass": true,
                  "fail": false,
                  "pending": false,
                  "context": null,
                  "code": "cy.get(\"input#user-name\").should(\"exist\");",
                  "err": {},
                  "uuid": "db3905de-82ff-41cf-a966-4631e22986f3",
                  "parentUUID": "c62b10cd-96b6-4876-a46b-f8a6824c40d9",
                  "isHook": false,
                  "skipped": false
                },
                {
                  "title": "get element by text -> cy.contains()",
                  "fullTitle": "Basic selector & actions - sauce demo 2. cy.get - mengambil element get element by text -> cy.contains()",
                  "timedOut": null,
                  "duration": 133,
                  "state": "passed",
                  "speed": "fast",
                  "pass": true,
                  "fail": false,
                  "pending": false,
                  "context": null,
                  "code": "cy.contains(\"Swag Labs\").should(\"be.visible\");",
                  "err": {},
                  "uuid": "b440d641-5ccf-49c3-bde0-6d4e45f85f89",
                  "parentUUID": "c62b10cd-96b6-4876-a46b-f8a6824c40d9",
                  "isHook": false,
                  "skipped": false
                }
              ],
              "suites": [],
              "passes": [
                "75c71041-f80b-4826-b8ce-d727eedfff9e",
                "a39c0050-6890-4fec-99ad-88fffca640df",
                "3029ac92-fa8e-49e6-bb39-22e7834fdcfd",
                "640d82a1-bcff-40b5-9907-1dce559fa2aa",
                "db3905de-82ff-41cf-a966-4631e22986f3",
                "b440d641-5ccf-49c3-bde0-6d4e45f85f89"
              ],
              "failures": [],
              "pending": [],
              "skipped": [],
              "duration": 1163,
              "root": false,
              "rootEmpty": false,
              "_timeout": 2000
            },
            {
              "uuid": "c5b17953-494c-4394-8b0c-406e5c5dd882",
              "title": "2. cy.get - Mengambil Element",
              "fullFile": "",
              "file": "",
              "beforeHooks": [],
              "afterHooks": [],
              "tests": [
                {
                  "title": "get element by ID → #user-name",
                  "fullTitle": "Basic selector & actions - sauce demo 2. cy.get - Mengambil Element get element by ID → #user-name",
                  "timedOut": null,
                  "duration": 124,
                  "state": "passed",
                  "speed": "fast",
                  "pass": true,
                  "fail": false,
                  "pending": false,
                  "context": null,
                  "code": "cy.get(\"#user-name\").should(\"exist\");\n// # → CSS selector untuk ID\n// .should('exist') → Memverifikasi elemen ada di DOM",
                  "err": {},
                  "uuid": "d281acb4-6931-4315-a7b5-886235725e74",
                  "parentUUID": "c5b17953-494c-4394-8b0c-406e5c5dd882",
                  "isHook": false,
                  "skipped": false
                },
                {
                  "title": "get element by Class → .login_container",
                  "fullTitle": "Basic selector & actions - sauce demo 2. cy.get - Mengambil Element get element by Class → .login_container",
                  "timedOut": null,
                  "duration": 121,
                  "state": "passed",
                  "speed": "fast",
                  "pass": true,
                  "fail": false,
                  "pending": false,
                  "context": null,
                  "code": "cy.get(\".login_container\").should(\"be.visible\");\n// . → CSS selector untuk Class\n// 'be.visible' → Elemen ada di DOM DAN terlihat oleh user",
                  "err": {},
                  "uuid": "f6b2541a-1f41-4feb-b49e-224554312b21",
                  "parentUUID": "c5b17953-494c-4394-8b0c-406e5c5dd882",
                  "isHook": false,
                  "skipped": false
                },
                {
                  "title": "get element by Tag → input",
                  "fullTitle": "Basic selector & actions - sauce demo 2. cy.get - Mengambil Element get element by Tag → input",
                  "timedOut": null,
                  "duration": 110,
                  "state": "passed",
                  "speed": "fast",
                  "pass": true,
                  "fail": false,
                  "pending": false,
                  "context": null,
                  "code": "cy.get(\"input\").should(\"exist\");\n// Tanpa # atau . → Mengambil berdasarkan tag HTML langsung",
                  "err": {},
                  "uuid": "0c168e01-0782-4746-af13-cef63d18936e",
                  "parentUUID": "c5b17953-494c-4394-8b0c-406e5c5dd882",
                  "isHook": false,
                  "skipped": false
                },
                {
                  "title": "get element by Attribute → input[type=\"password\"]",
                  "fullTitle": "Basic selector & actions - sauce demo 2. cy.get - Mengambil Element get element by Attribute → input[type=\"password\"]",
                  "timedOut": null,
                  "duration": 127,
                  "state": "passed",
                  "speed": "fast",
                  "pass": true,
                  "fail": false,
                  "pending": false,
                  "context": null,
                  "code": "cy.get('input[type=\"password\"]').should(\"exist\");\n// [attribute=\"value\"] → Selector berdasarkan atribut HTML\n// Mengambil <input> yang punya type=\"password\"",
                  "err": {},
                  "uuid": "7b687a38-6ec6-4946-a12b-b04475d2bb3a",
                  "parentUUID": "c5b17953-494c-4394-8b0c-406e5c5dd882",
                  "isHook": false,
                  "skipped": false
                },
                {
                  "title": "get element by Combined selector → input#user-name",
                  "fullTitle": "Basic selector & actions - sauce demo 2. cy.get - Mengambil Element get element by Combined selector → input#user-name",
                  "timedOut": null,
                  "duration": 129,
                  "state": "passed",
                  "speed": "fast",
                  "pass": true,
                  "fail": false,
                  "pending": false,
                  "context": null,
                  "code": "cy.get(\"input#user-name\").should(\"exist\");\n// Kombinasi: tag + ID → lebih spesifik\n// Cari elemen <input> yang punya id=\"user-name\"",
                  "err": {},
                  "uuid": "f1cf35f5-c448-4971-90bf-fc99caedb56d",
                  "parentUUID": "c5b17953-494c-4394-8b0c-406e5c5dd882",
                  "isHook": false,
                  "skipped": false
                },
                {
                  "title": "get element by Text → cy.contains()",
                  "fullTitle": "Basic selector & actions - sauce demo 2. cy.get - Mengambil Element get element by Text → cy.contains()",
                  "timedOut": null,
                  "duration": 122,
                  "state": "passed",
                  "speed": "fast",
                  "pass": true,
                  "fail": false,
                  "pending": false,
                  "context": null,
                  "code": "cy.contains(\"Swag Labs\").should(\"be.visible\");\n// cy.contains() → Mencari elemen berdasarkan TEXT CONTENT\n// Berbeda dengan cy.get() yang pakai CSS selector",
                  "err": {},
                  "uuid": "0894a5ba-b5da-4a05-9ce8-42b171895e9d",
                  "parentUUID": "c5b17953-494c-4394-8b0c-406e5c5dd882",
                  "isHook": false,
                  "skipped": false
                }
              ],
              "suites": [],
              "passes": [
                "d281acb4-6931-4315-a7b5-886235725e74",
                "f6b2541a-1f41-4feb-b49e-224554312b21",
                "0c168e01-0782-4746-af13-cef63d18936e",
                "7b687a38-6ec6-4946-a12b-b04475d2bb3a",
                "f1cf35f5-c448-4971-90bf-fc99caedb56d",
                "0894a5ba-b5da-4a05-9ce8-42b171895e9d"
              ],
              "failures": [],
              "pending": [],
              "skipped": [],
              "duration": 733,
              "root": false,
              "rootEmpty": false,
              "_timeout": 2000
            },
            {
              "uuid": "922fce4f-d062-40f8-a619-08797898a8e6",
              "title": "4. Click - Klik Element",
              "fullFile": "",
              "file": "",
              "beforeHooks": [],
              "afterHooks": [],
              "tests": [
                {
                  "title": "should click login button to login",
                  "fullTitle": "Basic selector & actions - sauce demo 4. Click - Klik Element should click login button to login",
                  "timedOut": null,
                  "duration": 938,
                  "state": "passed",
                  "speed": "fast",
                  "pass": true,
                  "fail": false,
                  "pending": false,
                  "context": null,
                  "code": "cy.visit(\"https://www.saucedemo.com/\");\ncy.get(\"#user-name\").type(\"standard_user\");\ncy.get(\"#password\").type(\"secret_sauce\");\ncy.get(\"#login-button\").click();\ncy.url().should(\"include\", \"/inventory.html\");",
                  "err": {},
                  "uuid": "47224887-4ad6-4de0-b646-1db5ca4e3779",
                  "parentUUID": "922fce4f-d062-40f8-a619-08797898a8e6",
                  "isHook": false,
                  "skipped": false
                }
              ],
              "suites": [
                {
                  "uuid": "22912ac6-684a-4915-a528-3305e40c23f9",
                  "title": "5. Assertions - Validasi Element",
                  "fullFile": "",
                  "file": "",
                  "beforeHooks": [],
                  "afterHooks": [],
                  "tests": [
                    {
                      "title": "should verify element EXISTS",
                      "fullTitle": "Basic selector & actions - sauce demo 4. Click - Klik Element 5. Assertions - Validasi Element should verify element EXISTS",
                      "timedOut": null,
                      "duration": 131,
                      "state": "passed",
                      "speed": "fast",
                      "pass": true,
                      "fail": false,
                      "pending": false,
                      "context": null,
                      "code": "cy.get(\".login_container\").should(\"exist\");",
                      "err": {},
                      "uuid": "460f363b-8c20-4dd4-a52c-e0e27e731800",
                      "parentUUID": "22912ac6-684a-4915-a528-3305e40c23f9",
                      "isHook": false,
                      "skipped": false
                    },
                    {
                      "title": "should verify element IS VISIBLE",
                      "fullTitle": "Basic selector & actions - sauce demo 4. Click - Klik Element 5. Assertions - Validasi Element should verify element IS VISIBLE",
                      "timedOut": null,
                      "duration": 123,
                      "state": "passed",
                      "speed": "fast",
                      "pass": true,
                      "fail": false,
                      "pending": false,
                      "context": null,
                      "code": "cy.get(\".login_container\").should(\"be.visible\");",
                      "err": {},
                      "uuid": "d2b348ac-1bfb-4e68-95ef-8c478648861d",
                      "parentUUID": "22912ac6-684a-4915-a528-3305e40c23f9",
                      "isHook": false,
                      "skipped": false
                    },
                    {
                      "title": "should verify element HAS ATTRIBUTE",
                      "fullTitle": "Basic selector & actions - sauce demo 4. Click - Klik Element 5. Assertions - Validasi Element should verify element HAS ATTRIBUTE",
                      "timedOut": null,
                      "duration": 133,
                      "state": "passed",
                      "speed": "fast",
                      "pass": true,
                      "fail": false,
                      "pending": false,
                      "context": null,
                      "code": "cy.get(\"#user-name\").should(\"have.attr\", \"placeholder\", \"Username\");",
                      "err": {},
                      "uuid": "ae344f55-87d6-4d2d-a214-157bebbffc0a",
                      "parentUUID": "22912ac6-684a-4915-a528-3305e40c23f9",
                      "isHook": false,
                      "skipped": false
                    },
                    {
                      "title": "should verify element count (HAVE LENGTH)",
                      "fullTitle": "Basic selector & actions - sauce demo 4. Click - Klik Element 5. Assertions - Validasi Element should verify element count (HAVE LENGTH)",
                      "timedOut": null,
                      "duration": 130,
                      "state": "passed",
                      "speed": "fast",
                      "pass": true,
                      "fail": false,
                      "pending": false,
                      "context": null,
                      "code": "cy.get(\"input\").should(\"have.length.greaterThan\", 1);",
                      "err": {},
                      "uuid": "4585a8af-c737-4e30-84e7-15dcf2ae9bb9",
                      "parentUUID": "22912ac6-684a-4915-a528-3305e40c23f9",
                      "isHook": false,
                      "skipped": false
                    },
                    {
                      "title": "should verify page TITLE",
                      "fullTitle": "Basic selector & actions - sauce demo 4. Click - Klik Element 5. Assertions - Validasi Element should verify page TITLE",
                      "timedOut": null,
                      "duration": 172,
                      "state": "passed",
                      "speed": "fast",
                      "pass": true,
                      "fail": false,
                      "pending": false,
                      "context": null,
                      "code": "cy.title().should(\"contain\", \"Swag Labs\");",
                      "err": {},
                      "uuid": "b804434b-6f0f-492e-9c98-74f60bf57694",
                      "parentUUID": "22912ac6-684a-4915-a528-3305e40c23f9",
                      "isHook": false,
                      "skipped": false
                    },
                    {
                      "title": "should verify URL contains specific path",
                      "fullTitle": "Basic selector & actions - sauce demo 4. Click - Klik Element 5. Assertions - Validasi Element should verify URL contains specific path",
                      "timedOut": null,
                      "duration": 161,
                      "state": "passed",
                      "speed": "fast",
                      "pass": true,
                      "fail": false,
                      "pending": false,
                      "context": null,
                      "code": "cy.url().should(\"include\", \"saucedemo.com\");",
                      "err": {},
                      "uuid": "8b3f23c5-961f-46c0-8f5f-330d3000dfcd",
                      "parentUUID": "22912ac6-684a-4915-a528-3305e40c23f9",
                      "isHook": false,
                      "skipped": false
                    }
                  ],
                  "suites": [],
                  "passes": [
                    "460f363b-8c20-4dd4-a52c-e0e27e731800",
                    "d2b348ac-1bfb-4e68-95ef-8c478648861d",
                    "ae344f55-87d6-4d2d-a214-157bebbffc0a",
                    "4585a8af-c737-4e30-84e7-15dcf2ae9bb9",
                    "b804434b-6f0f-492e-9c98-74f60bf57694",
                    "8b3f23c5-961f-46c0-8f5f-330d3000dfcd"
                  ],
                  "failures": [],
                  "pending": [],
                  "skipped": [],
                  "duration": 850,
                  "root": false,
                  "rootEmpty": false,
                  "_timeout": 2000
                },
                {
                  "uuid": "235e33de-2aa5-4c58-8d89-ed304cc9bc96",
                  "title": "6. Wait - Menunggu",
                  "fullFile": "",
                  "file": "",
                  "beforeHooks": [],
                  "afterHooks": [],
                  "tests": [
                    {
                      "title": "should wait 2 seconds before checking the page",
                      "fullTitle": "Basic selector & actions - sauce demo 4. Click - Klik Element 6. Wait - Menunggu should wait 2 seconds before checking the page",
                      "timedOut": null,
                      "duration": 2132,
                      "state": "passed",
                      "speed": "fast",
                      "pass": true,
                      "fail": false,
                      "pending": false,
                      "context": null,
                      "code": "cy.visit(\"https://www.saucedemo.com/\");\ncy.wait(2000); // Tunggu 2 detik\ncy.get(\".login_container\").should(\"be.visible\");",
                      "err": {},
                      "uuid": "f58d74f6-0152-42ad-af59-e7d136e2cfb4",
                      "parentUUID": "235e33de-2aa5-4c58-8d89-ed304cc9bc96",
                      "isHook": false,
                      "skipped": false
                    },
                    {
                      "title": "should wait between actions",
                      "fullTitle": "Basic selector & actions - sauce demo 4. Click - Klik Element 6. Wait - Menunggu should wait between actions",
                      "timedOut": null,
                      "duration": 2874,
                      "state": "passed",
                      "speed": "fast",
                      "pass": true,
                      "fail": false,
                      "pending": false,
                      "context": null,
                      "code": "cy.visit(\"https://www.saucedemo.com/\");\ncy.get(\"#user-name\").type(\"standard_user\");\ncy.wait(1000); // Tunggu 1 detik\ncy.get(\"#password\").type(\"secret_sauce\");\ncy.wait(1000); // Tunggu 1 detik\ncy.get(\"#user-name\").should(\"have.value\", \"standard_user\");\ncy.get(\"#password\").should(\"have.value\", \"secret_sauce\");",
                      "err": {},
                      "uuid": "93e85a4f-9929-42e4-947f-242477ce75a4",
                      "parentUUID": "235e33de-2aa5-4c58-8d89-ed304cc9bc96",
                      "isHook": false,
                      "skipped": false
                    },
                    {
                      "title": "should wait after clicking login",
                      "fullTitle": "Basic selector & actions - sauce demo 4. Click - Klik Element 6. Wait - Menunggu should wait after clicking login",
                      "timedOut": null,
                      "duration": 3129,
                      "state": "passed",
                      "speed": "fast",
                      "pass": true,
                      "fail": false,
                      "pending": false,
                      "context": null,
                      "code": "cy.visit(\"https://www.saucedemo.com/\");\ncy.get(\"#user-name\").type(\"standard_user\");\ncy.get(\"#password\").type(\"secret_sauce\");\ncy.get(\"#login-button\").click();\ncy.wait(2000); // Tunggu halaman selesai load\ncy.url().should(\"include\", \"/inventory.html\");\ncy.get(\".title\").should(\"contain.text\", \"Products\");",
                      "err": {},
                      "uuid": "8cd62452-0c9b-44a7-8b80-9ae0f69aff19",
                      "parentUUID": "235e33de-2aa5-4c58-8d89-ed304cc9bc96",
                      "isHook": false,
                      "skipped": false
                    }
                  ],
                  "suites": [],
                  "passes": [
                    "f58d74f6-0152-42ad-af59-e7d136e2cfb4",
                    "93e85a4f-9929-42e4-947f-242477ce75a4",
                    "8cd62452-0c9b-44a7-8b80-9ae0f69aff19"
                  ],
                  "failures": [],
                  "pending": [],
                  "skipped": [],
                  "duration": 8135,
                  "root": false,
                  "rootEmpty": false,
                  "_timeout": 2000
                }
              ],
              "passes": [
                "47224887-4ad6-4de0-b646-1db5ca4e3779"
              ],
              "failures": [],
              "pending": [],
              "skipped": [],
              "duration": 938,
              "root": false,
              "rootEmpty": false,
              "_timeout": 2000
            }
          ],
          "passes": [],
          "failures": [],
          "pending": [],
          "skipped": [],
          "duration": 0,
          "root": false,
          "rootEmpty": false,
          "_timeout": 2000
        }
      ],
      "passes": [],
      "failures": [],
      "pending": [],
      "skipped": [],
      "duration": 0,
      "root": true,
      "rootEmpty": true,
      "_timeout": 2000
    }
  ],
  "meta": {
    "mocha": {
      "version": "7.2.0"
    },
    "mochawesome": {
      "options": {
        "quiet": false,
        "reportFilename": "mochawesome",
        "saveHtml": true,
        "saveJson": true,
        "consoleReporter": "spec",
        "useInlineDiffs": false,
        "code": true
      },
      "version": "7.1.4"
    },
    "marge": {
      "options": {
        "reportDir": "cypress/results",
        "overwrite": false,
        "html": true,
        "json": true
      },
      "version": "6.3.2"
    }
  }
}