{
  "stats": {
    "suites": 0,
    "tests": 0,
    "passes": 0,
    "pending": 0,
    "failures": 0,
    "start": "2026-03-04T03:23:48.669Z",
    "end": "2026-03-04T03:23:49.404Z",
    "duration": 735,
    "testsRegistered": 25,
    "passPercent": 0,
    "pendingPercent": 0,
    "other": 2,
    "hasOther": true,
    "skipped": 24,
    "hasSkipped": true
  },
  "results": [
    {
      "uuid": "8a60fd70-4064-4b46-b680-8f72a796a5f7",
      "title": "",
      "fullFile": "cypress\\e2e\\basic.cy.js",
      "file": "cypress\\e2e\\basic.cy.js",
      "beforeHooks": [],
      "afterHooks": [],
      "tests": [],
      "suites": [
        {
          "uuid": "315599a7-6870-4f60-9f12-6b3faf9dc7af",
          "title": "Basic selector & actions - sauce demo",
          "fullFile": "",
          "file": "",
          "beforeHooks": [],
          "afterHooks": [],
          "tests": [],
          "suites": [
            {
              "uuid": "faa91c37-ae0b-426a-8fca-41d26202f5c1",
              "title": "1. Visit page",
              "fullFile": "",
              "file": "",
              "beforeHooks": [],
              "afterHooks": [],
              "tests": [
                {
                  "title": "Should visit the login page (homepage)",
                  "fullTitle": "Basic selector & actions - sauce demo 1. Visit page Should visit the login page (homepage)",
                  "timedOut": null,
                  "duration": 0,
                  "state": "failed",
                  "speed": null,
                  "pass": false,
                  "fail": true,
                  "pending": false,
                  "context": null,
                  "code": "cy.visit(\"https://saucedemo.com/\");\ncy.url().should(\"include\", \"saucedemo.com\");",
                  "err": {
                    "message": "CypressError: `cy.task('writeAllureResults')` failed with the following error:\n\nThe 'task' event has not been registered in the setupNodeEvents method. You must register it before using cy.task()\n\nFix this in your setupNodeEvents method here:\nD:\\BeriJalan\\QC\\automation\\cypress.config.js\n\nhttps://on.cypress.io/api/task\n\nBecause this error occurred during a `after all` hook we are skipping all of the remaining tests.",
                    "estack": "CypressError: `cy.task('writeAllureResults')` failed with the following error:\n\nThe 'task' event has not been registered in the setupNodeEvents method. You must register it before using cy.task()\n\nFix this in your setupNodeEvents method here:\nD:\\BeriJalan\\QC\\automation\\cypress.config.js\n\nhttps://on.cypress.io/api/task\n\nBecause this error occurred during a `after all` hook we are skipping all of the remaining tests.\n    at <unknown> (https://saucedemo.com/__cypress/runner/cypress_runner.js:138702:72)\n    at tryCatcher (https://saucedemo.com/__cypress/runner/cypress_runner.js:1777:23)\n    at Promise._settlePromiseFromHandler (https://saucedemo.com/__cypress/runner/cypress_runner.js:1489:31)\n    at Promise._settlePromise (https://saucedemo.com/__cypress/runner/cypress_runner.js:1546:18)\n    at Promise._settlePromise0 (https://saucedemo.com/__cypress/runner/cypress_runner.js:1591:10)\n    at Promise._settlePromises (https://saucedemo.com/__cypress/runner/cypress_runner.js:1667:18)\n    at _drainQueueStep (https://saucedemo.com/__cypress/runner/cypress_runner.js:2377:12)\n    at _drainQueue (https://saucedemo.com/__cypress/runner/cypress_runner.js:2370:9)\n    at Async._drainQueues (https://saucedemo.com/__cypress/runner/cypress_runner.js:2386:5)\n    at Async.drainQueues (https://saucedemo.com/__cypress/runner/cypress_runner.js:2256:14)\nFrom Your Spec Code:\n    at invokeResultsWriter (webpack:///./node_modules/@shelex/cypress-allure-plugin/reporter/index.js:90:0)\n    at Context.eval (webpack:///./node_modules/@shelex/cypress-allure-plugin/reporter/index.js:436:0)\n    at getRet (https://saucedemo.com/__cypress/runner/cypress_runner.js:122806:20)\n    at tryCatcher (https://saucedemo.com/__cypress/runner/cypress_runner.js:1777:23)\n    at Promise.attempt.Promise.try (https://saucedemo.com/__cypress/runner/cypress_runner.js:4285:29)\n    at Context.thenFn (https://saucedemo.com/__cypress/runner/cypress_runner.js:122817:66)\n    at Context.then (https://saucedemo.com/__cypress/runner/cypress_runner.js:123068:21)\n    at wrapped (https://saucedemo.com/__cypress/runner/cypress_runner.js:146326:19)",
                    "diff": null
                  },
                  "uuid": "90b55f59-af76-4022-a820-73f1e803c064",
                  "parentUUID": null,
                  "isHook": false,
                  "skipped": false
                },
                {
                  "title": "Should visit the inventory page (after login)",
                  "fullTitle": "Basic selector & actions - sauce demo 1. Visit page Should visit the inventory page (after login)",
                  "timedOut": null,
                  "duration": 0,
                  "state": "skipped",
                  "speed": null,
                  "pass": false,
                  "fail": false,
                  "pending": false,
                  "context": null,
                  "code": "cy.visit(\"https://saucedemo.com/\");\ncy.get(\"#user-name\").type(\"standard_user\");\ncy.get(\"#password\").type(\"secret_sauce\");\ncy.get(\"#login-button\").click();\ncy.location(\"pathname\").should(\"eq\", \"/inventory.html\");",
                  "err": {},
                  "uuid": "1d2ad308-bb8b-4e98-8276-1ca573839897",
                  "parentUUID": null,
                  "isHook": false,
                  "skipped": true
                },
                {
                  "title": "Should visit the cart page (after login()",
                  "fullTitle": "Basic selector & actions - sauce demo 1. Visit page Should visit the cart page (after login()",
                  "timedOut": null,
                  "duration": 0,
                  "state": "skipped",
                  "speed": null,
                  "pass": false,
                  "fail": false,
                  "pending": false,
                  "context": null,
                  "code": "cy.visit(\"https://saucedemo.com/\");\ncy.get(\"#user-name\").type(\"standard_user\");\ncy.get(\"#password\").type(\"secret_sauce\");\ncy.get(\"#login-button\").click();\ncy.get(\".shopping_cart_link\").click();\ncy.url().should(\"eq\", \"https://www.saucedemo.com/cart.html\");",
                  "err": {},
                  "uuid": "abe9713a-f974-4f4d-b87a-17d8df03704b",
                  "parentUUID": null,
                  "isHook": false,
                  "skipped": true
                }
              ],
              "suites": [],
              "passes": [],
              "failures": [
                "90b55f59-af76-4022-a820-73f1e803c064"
              ],
              "pending": [],
              "skipped": [
                "1d2ad308-bb8b-4e98-8276-1ca573839897",
                "abe9713a-f974-4f4d-b87a-17d8df03704b"
              ],
              "duration": 0,
              "root": false,
              "rootEmpty": false,
              "_timeout": 2000
            },
            {
              "uuid": "fc4ac7b8-eda9-40f8-8d55-b3611d15a5b8",
              "title": "2. cy.get - mengambil element",
              "fullFile": "",
              "file": "",
              "beforeHooks": [],
              "afterHooks": [],
              "tests": [
                {
                  "title": "get element by id -> #user-name",
                  "fullTitle": "Basic selector & actions - sauce demo 2. cy.get - mengambil element get element by id -> #user-name",
                  "timedOut": null,
                  "duration": 0,
                  "state": "skipped",
                  "speed": null,
                  "pass": false,
                  "fail": false,
                  "pending": false,
                  "context": null,
                  "code": "cy.get(\"#user-name\").type(\"standard_user\");",
                  "err": {},
                  "uuid": "86af2878-403c-453e-ad90-e7864e1a3ea1",
                  "parentUUID": null,
                  "isHook": false,
                  "skipped": true
                },
                {
                  "title": "get element by class -> .login_container",
                  "fullTitle": "Basic selector & actions - sauce demo 2. cy.get - mengambil element get element by class -> .login_container",
                  "timedOut": null,
                  "duration": 0,
                  "state": "skipped",
                  "speed": null,
                  "pass": false,
                  "fail": false,
                  "pending": false,
                  "context": null,
                  "code": "cy.get(\".login_container\").should(\"be.visible\");",
                  "err": {},
                  "uuid": "4d2f97ac-9003-46dc-81fb-f302e02f8d4d",
                  "parentUUID": null,
                  "isHook": false,
                  "skipped": true
                },
                {
                  "title": "get element by tag -> input",
                  "fullTitle": "Basic selector & actions - sauce demo 2. cy.get - mengambil element get element by tag -> input",
                  "timedOut": null,
                  "duration": 0,
                  "state": "skipped",
                  "speed": null,
                  "pass": false,
                  "fail": false,
                  "pending": false,
                  "context": null,
                  "code": "cy.get(\"input\").should(\"exist\");",
                  "err": {},
                  "uuid": "067114c5-0d9f-465d-be55-f76bc46aadcf",
                  "parentUUID": null,
                  "isHook": false,
                  "skipped": true
                },
                {
                  "title": "get element by attribute -> input[type=\"password\"]",
                  "fullTitle": "Basic selector & actions - sauce demo 2. cy.get - mengambil element get element by attribute -> input[type=\"password\"]",
                  "timedOut": null,
                  "duration": 0,
                  "state": "skipped",
                  "speed": null,
                  "pass": false,
                  "fail": false,
                  "pending": false,
                  "context": null,
                  "code": "cy.get('input[type=\"password\"]').should(\"exist\");",
                  "err": {},
                  "uuid": "229c5903-a0c9-4078-8e12-47a704379733",
                  "parentUUID": null,
                  "isHook": false,
                  "skipped": true
                },
                {
                  "title": "get element by combined selector -> input#user-name",
                  "fullTitle": "Basic selector & actions - sauce demo 2. cy.get - mengambil element get element by combined selector -> input#user-name",
                  "timedOut": null,
                  "duration": 0,
                  "state": "skipped",
                  "speed": null,
                  "pass": false,
                  "fail": false,
                  "pending": false,
                  "context": null,
                  "code": "cy.get(\"input#user-name\").should(\"exist\");",
                  "err": {},
                  "uuid": "7e18ce15-cbc9-43fa-a776-52aa28c8c5cb",
                  "parentUUID": null,
                  "isHook": false,
                  "skipped": true
                },
                {
                  "title": "get element by text -> cy.contains()",
                  "fullTitle": "Basic selector & actions - sauce demo 2. cy.get - mengambil element get element by text -> cy.contains()",
                  "timedOut": null,
                  "duration": 0,
                  "state": "skipped",
                  "speed": null,
                  "pass": false,
                  "fail": false,
                  "pending": false,
                  "context": null,
                  "code": "cy.contains(\"Swag Labs\").should(\"be.visible\");",
                  "err": {},
                  "uuid": "481316d9-c40e-4a65-81de-3d48369b33d1",
                  "parentUUID": null,
                  "isHook": false,
                  "skipped": true
                }
              ],
              "suites": [],
              "passes": [],
              "failures": [],
              "pending": [],
              "skipped": [
                "86af2878-403c-453e-ad90-e7864e1a3ea1",
                "4d2f97ac-9003-46dc-81fb-f302e02f8d4d",
                "067114c5-0d9f-465d-be55-f76bc46aadcf",
                "229c5903-a0c9-4078-8e12-47a704379733",
                "7e18ce15-cbc9-43fa-a776-52aa28c8c5cb",
                "481316d9-c40e-4a65-81de-3d48369b33d1"
              ],
              "duration": 0,
              "root": false,
              "rootEmpty": false,
              "_timeout": 2000
            },
            {
              "uuid": "1a6e1a26-ec9e-4d72-b0aa-110de9a95da2",
              "title": "2. cy.get - Mengambil Element",
              "fullFile": "",
              "file": "",
              "beforeHooks": [],
              "afterHooks": [],
              "tests": [
                {
                  "title": "get element by ID → #user-name",
                  "fullTitle": "Basic selector & actions - sauce demo 2. cy.get - Mengambil Element get element by ID → #user-name",
                  "timedOut": null,
                  "duration": 0,
                  "state": "skipped",
                  "speed": null,
                  "pass": false,
                  "fail": false,
                  "pending": false,
                  "context": null,
                  "code": "cy.get(\"#user-name\").should(\"exist\");\n// # → CSS selector untuk ID\n// .should('exist') → Memverifikasi elemen ada di DOM",
                  "err": {},
                  "uuid": "193e2b39-a552-4fd8-8887-af4833308adb",
                  "parentUUID": null,
                  "isHook": false,
                  "skipped": true
                },
                {
                  "title": "get element by Class → .login_container",
                  "fullTitle": "Basic selector & actions - sauce demo 2. cy.get - Mengambil Element get element by Class → .login_container",
                  "timedOut": null,
                  "duration": 0,
                  "state": "skipped",
                  "speed": null,
                  "pass": false,
                  "fail": false,
                  "pending": false,
                  "context": null,
                  "code": "cy.get(\".login_container\").should(\"be.visible\");\n// . → CSS selector untuk Class\n// 'be.visible' → Elemen ada di DOM DAN terlihat oleh user",
                  "err": {},
                  "uuid": "d7f1a2a2-c580-41a8-b05e-90b494768b75",
                  "parentUUID": null,
                  "isHook": false,
                  "skipped": true
                },
                {
                  "title": "get element by Tag → input",
                  "fullTitle": "Basic selector & actions - sauce demo 2. cy.get - Mengambil Element get element by Tag → input",
                  "timedOut": null,
                  "duration": 0,
                  "state": "skipped",
                  "speed": null,
                  "pass": false,
                  "fail": false,
                  "pending": false,
                  "context": null,
                  "code": "cy.get(\"input\").should(\"exist\");\n// Tanpa # atau . → Mengambil berdasarkan tag HTML langsung",
                  "err": {},
                  "uuid": "7cd04072-83cb-4d6e-90ed-abb81ebd0115",
                  "parentUUID": null,
                  "isHook": false,
                  "skipped": true
                },
                {
                  "title": "get element by Attribute → input[type=\"password\"]",
                  "fullTitle": "Basic selector & actions - sauce demo 2. cy.get - Mengambil Element get element by Attribute → input[type=\"password\"]",
                  "timedOut": null,
                  "duration": 0,
                  "state": "skipped",
                  "speed": null,
                  "pass": false,
                  "fail": false,
                  "pending": false,
                  "context": null,
                  "code": "cy.get('input[type=\"password\"]').should(\"exist\");\n// [attribute=\"value\"] → Selector berdasarkan atribut HTML\n// Mengambil <input> yang punya type=\"password\"",
                  "err": {},
                  "uuid": "e9ca7f70-43e8-4bb3-98a4-02d78b8d1baa",
                  "parentUUID": null,
                  "isHook": false,
                  "skipped": true
                },
                {
                  "title": "get element by Combined selector → input#user-name",
                  "fullTitle": "Basic selector & actions - sauce demo 2. cy.get - Mengambil Element get element by Combined selector → input#user-name",
                  "timedOut": null,
                  "duration": 0,
                  "state": "skipped",
                  "speed": null,
                  "pass": false,
                  "fail": false,
                  "pending": false,
                  "context": null,
                  "code": "cy.get(\"input#user-name\").should(\"exist\");\n// Kombinasi: tag + ID → lebih spesifik\n// Cari elemen <input> yang punya id=\"user-name\"",
                  "err": {},
                  "uuid": "b56cc20c-429b-4933-9470-a16bcfb07864",
                  "parentUUID": null,
                  "isHook": false,
                  "skipped": true
                },
                {
                  "title": "get element by Text → cy.contains()",
                  "fullTitle": "Basic selector & actions - sauce demo 2. cy.get - Mengambil Element get element by Text → cy.contains()",
                  "timedOut": null,
                  "duration": 0,
                  "state": "skipped",
                  "speed": null,
                  "pass": false,
                  "fail": false,
                  "pending": false,
                  "context": null,
                  "code": "cy.contains(\"Swag Labs\").should(\"be.visible\");\n// cy.contains() → Mencari elemen berdasarkan TEXT CONTENT\n// Berbeda dengan cy.get() yang pakai CSS selector",
                  "err": {},
                  "uuid": "032d621d-3d90-4064-896c-bb4322c499fc",
                  "parentUUID": null,
                  "isHook": false,
                  "skipped": true
                }
              ],
              "suites": [],
              "passes": [],
              "failures": [],
              "pending": [],
              "skipped": [
                "193e2b39-a552-4fd8-8887-af4833308adb",
                "d7f1a2a2-c580-41a8-b05e-90b494768b75",
                "7cd04072-83cb-4d6e-90ed-abb81ebd0115",
                "e9ca7f70-43e8-4bb3-98a4-02d78b8d1baa",
                "b56cc20c-429b-4933-9470-a16bcfb07864",
                "032d621d-3d90-4064-896c-bb4322c499fc"
              ],
              "duration": 0,
              "root": false,
              "rootEmpty": false,
              "_timeout": 2000
            },
            {
              "uuid": "63fb938e-ecff-48f5-ba29-b228465170fa",
              "title": "4. Click - Klik Element",
              "fullFile": "",
              "file": "",
              "beforeHooks": [],
              "afterHooks": [],
              "tests": [
                {
                  "title": "should click login button to login",
                  "fullTitle": "Basic selector & actions - sauce demo 4. Click - Klik Element should click login button to login",
                  "timedOut": null,
                  "duration": 0,
                  "state": "skipped",
                  "speed": null,
                  "pass": false,
                  "fail": false,
                  "pending": false,
                  "context": null,
                  "code": "cy.visit(\"https://www.saucedemo.com/\");\ncy.get(\"#user-name\").type(\"standard_user\");\ncy.get(\"#password\").type(\"secret_sauce\");\ncy.get(\"#login-button\").click();\ncy.url().should(\"include\", \"/inventory.html\");",
                  "err": {},
                  "uuid": "ef1c2fcc-4628-4fe5-a7a4-da3ebac6d197",
                  "parentUUID": null,
                  "isHook": false,
                  "skipped": true
                }
              ],
              "suites": [
                {
                  "uuid": "0cdea43a-acdc-46c8-bef1-dd8ba01fc9a3",
                  "title": "5. Assertions - Validasi Element",
                  "fullFile": "",
                  "file": "",
                  "beforeHooks": [],
                  "afterHooks": [],
                  "tests": [
                    {
                      "title": "should verify element EXISTS",
                      "fullTitle": "Basic selector & actions - sauce demo 4. Click - Klik Element 5. Assertions - Validasi Element should verify element EXISTS",
                      "timedOut": null,
                      "duration": 0,
                      "state": "skipped",
                      "speed": null,
                      "pass": false,
                      "fail": false,
                      "pending": false,
                      "context": null,
                      "code": "cy.get(\".login_container\").should(\"exist\");",
                      "err": {},
                      "uuid": "2c2cf8f5-0670-4305-8b2a-c05c29385fb5",
                      "parentUUID": null,
                      "isHook": false,
                      "skipped": true
                    },
                    {
                      "title": "should verify element IS VISIBLE",
                      "fullTitle": "Basic selector & actions - sauce demo 4. Click - Klik Element 5. Assertions - Validasi Element should verify element IS VISIBLE",
                      "timedOut": null,
                      "duration": 0,
                      "state": "skipped",
                      "speed": null,
                      "pass": false,
                      "fail": false,
                      "pending": false,
                      "context": null,
                      "code": "cy.get(\".login_container\").should(\"be.visible\");",
                      "err": {},
                      "uuid": "c90fd284-a1f6-4881-ae2f-19b06151f30b",
                      "parentUUID": null,
                      "isHook": false,
                      "skipped": true
                    },
                    {
                      "title": "should verify element HAS ATTRIBUTE",
                      "fullTitle": "Basic selector & actions - sauce demo 4. Click - Klik Element 5. Assertions - Validasi Element should verify element HAS ATTRIBUTE",
                      "timedOut": null,
                      "duration": 0,
                      "state": "skipped",
                      "speed": null,
                      "pass": false,
                      "fail": false,
                      "pending": false,
                      "context": null,
                      "code": "cy.get(\"#user-name\").should(\"have.attr\", \"placeholder\", \"Username\");",
                      "err": {},
                      "uuid": "444fb754-b1f7-48f5-b984-87d66e30eb27",
                      "parentUUID": null,
                      "isHook": false,
                      "skipped": true
                    },
                    {
                      "title": "should verify element count (HAVE LENGTH)",
                      "fullTitle": "Basic selector & actions - sauce demo 4. Click - Klik Element 5. Assertions - Validasi Element should verify element count (HAVE LENGTH)",
                      "timedOut": null,
                      "duration": 0,
                      "state": "skipped",
                      "speed": null,
                      "pass": false,
                      "fail": false,
                      "pending": false,
                      "context": null,
                      "code": "cy.get(\"input\").should(\"have.length.greaterThan\", 1);",
                      "err": {},
                      "uuid": "fc056038-9923-40cf-82ca-52b3712c8737",
                      "parentUUID": null,
                      "isHook": false,
                      "skipped": true
                    },
                    {
                      "title": "should verify page TITLE",
                      "fullTitle": "Basic selector & actions - sauce demo 4. Click - Klik Element 5. Assertions - Validasi Element should verify page TITLE",
                      "timedOut": null,
                      "duration": 0,
                      "state": "skipped",
                      "speed": null,
                      "pass": false,
                      "fail": false,
                      "pending": false,
                      "context": null,
                      "code": "cy.title().should(\"contain\", \"Swag Labs\");",
                      "err": {},
                      "uuid": "050bfb94-2807-4c88-9b39-12a6acbc4165",
                      "parentUUID": null,
                      "isHook": false,
                      "skipped": true
                    },
                    {
                      "title": "should verify URL contains specific path",
                      "fullTitle": "Basic selector & actions - sauce demo 4. Click - Klik Element 5. Assertions - Validasi Element should verify URL contains specific path",
                      "timedOut": null,
                      "duration": 0,
                      "state": "skipped",
                      "speed": null,
                      "pass": false,
                      "fail": false,
                      "pending": false,
                      "context": null,
                      "code": "cy.url().should(\"include\", \"saucedemo.com\");",
                      "err": {},
                      "uuid": "2f115450-8127-461c-bf30-d052f6928194",
                      "parentUUID": null,
                      "isHook": false,
                      "skipped": true
                    }
                  ],
                  "suites": [],
                  "passes": [],
                  "failures": [],
                  "pending": [],
                  "skipped": [
                    "2c2cf8f5-0670-4305-8b2a-c05c29385fb5",
                    "c90fd284-a1f6-4881-ae2f-19b06151f30b",
                    "444fb754-b1f7-48f5-b984-87d66e30eb27",
                    "fc056038-9923-40cf-82ca-52b3712c8737",
                    "050bfb94-2807-4c88-9b39-12a6acbc4165",
                    "2f115450-8127-461c-bf30-d052f6928194"
                  ],
                  "duration": 0,
                  "root": false,
                  "rootEmpty": false,
                  "_timeout": 2000
                },
                {
                  "uuid": "9502907e-fecf-40b7-9baa-0f140b6a9756",
                  "title": "6. Wait - Menunggu",
                  "fullFile": "",
                  "file": "",
                  "beforeHooks": [],
                  "afterHooks": [],
                  "tests": [
                    {
                      "title": "should wait 2 seconds before checking the page",
                      "fullTitle": "Basic selector & actions - sauce demo 4. Click - Klik Element 6. Wait - Menunggu should wait 2 seconds before checking the page",
                      "timedOut": null,
                      "duration": 0,
                      "state": "skipped",
                      "speed": null,
                      "pass": false,
                      "fail": false,
                      "pending": false,
                      "context": null,
                      "code": "cy.visit(\"https://www.saucedemo.com/\");\ncy.wait(2000); // Tunggu 2 detik\ncy.get(\".login_container\").should(\"be.visible\");",
                      "err": {},
                      "uuid": "607f3fba-7bd0-48f7-a64e-d6b723a09b81",
                      "parentUUID": null,
                      "isHook": false,
                      "skipped": true
                    },
                    {
                      "title": "should wait between actions",
                      "fullTitle": "Basic selector & actions - sauce demo 4. Click - Klik Element 6. Wait - Menunggu should wait between actions",
                      "timedOut": null,
                      "duration": 0,
                      "state": "skipped",
                      "speed": null,
                      "pass": false,
                      "fail": false,
                      "pending": false,
                      "context": null,
                      "code": "cy.visit(\"https://www.saucedemo.com/\");\ncy.get(\"#user-name\").type(\"standard_user\");\ncy.wait(1000); // Tunggu 1 detik\ncy.get(\"#password\").type(\"secret_sauce\");\ncy.wait(1000); // Tunggu 1 detik\ncy.get(\"#user-name\").should(\"have.value\", \"standard_user\");\ncy.get(\"#password\").should(\"have.value\", \"secret_sauce\");",
                      "err": {},
                      "uuid": "e7bfd03d-1194-4e6f-88a7-f1900e04314f",
                      "parentUUID": null,
                      "isHook": false,
                      "skipped": true
                    },
                    {
                      "title": "should wait after clicking login",
                      "fullTitle": "Basic selector & actions - sauce demo 4. Click - Klik Element 6. Wait - Menunggu should wait after clicking login",
                      "timedOut": null,
                      "duration": 0,
                      "state": "skipped",
                      "speed": null,
                      "pass": false,
                      "fail": false,
                      "pending": false,
                      "context": null,
                      "code": "cy.visit(\"https://www.saucedemo.com/\");\ncy.get(\"#user-name\").type(\"standard_user\");\ncy.get(\"#password\").type(\"secret_sauce\");\ncy.get(\"#login-button\").click();\ncy.wait(2000); // Tunggu halaman selesai load\ncy.url().should(\"include\", \"/inventory.html\");\ncy.get(\".title\").should(\"contain.text\", \"Products\");",
                      "err": {},
                      "uuid": "6077406f-f5e3-4697-aa1a-6b31f6b732ec",
                      "parentUUID": null,
                      "isHook": false,
                      "skipped": true
                    }
                  ],
                  "suites": [],
                  "passes": [],
                  "failures": [],
                  "pending": [],
                  "skipped": [
                    "607f3fba-7bd0-48f7-a64e-d6b723a09b81",
                    "e7bfd03d-1194-4e6f-88a7-f1900e04314f",
                    "6077406f-f5e3-4697-aa1a-6b31f6b732ec"
                  ],
                  "duration": 0,
                  "root": false,
                  "rootEmpty": false,
                  "_timeout": 2000
                }
              ],
              "passes": [],
              "failures": [],
              "pending": [],
              "skipped": [
                "ef1c2fcc-4628-4fe5-a7a4-da3ebac6d197"
              ],
              "duration": 0,
              "root": false,
              "rootEmpty": false,
              "_timeout": 2000
            }
          ],
          "passes": [],
          "failures": [],
          "pending": [],
          "skipped": [],
          "duration": 0,
          "root": false,
          "rootEmpty": false,
          "_timeout": 2000
        }
      ],
      "passes": [],
      "failures": [],
      "pending": [],
      "skipped": [],
      "duration": 0,
      "root": true,
      "rootEmpty": true,
      "_timeout": 2000
    }
  ],
  "meta": {
    "mocha": {
      "version": "7.2.0"
    },
    "mochawesome": {
      "options": {
        "quiet": false,
        "reportFilename": "mochawesome",
        "saveHtml": true,
        "saveJson": true,
        "consoleReporter": "spec",
        "useInlineDiffs": false,
        "code": true
      },
      "version": "7.1.4"
    },
    "marge": {
      "options": {
        "reportDir": "cypress/results",
        "overwrite": false,
        "html": true,
        "json": true
      },
      "version": "6.3.2"
    }
  }
}