{
  "stats": {
    "suites": 7,
    "tests": 25,
    "passes": 25,
    "pending": 0,
    "failures": 0,
    "start": "2026-03-04T03:27:06.625Z",
    "end": "2026-03-04T03:27:27.545Z",
    "duration": 20920,
    "testsRegistered": 25,
    "passPercent": 100,
    "pendingPercent": 0,
    "other": 0,
    "hasOther": false,
    "skipped": 0,
    "hasSkipped": false
  },
  "results": [
    {
      "uuid": "c6a9eb50-7f69-4cca-9506-f07b642bc535",
      "title": "",
      "fullFile": "cypress\\e2e\\basic.cy.js",
      "file": "cypress\\e2e\\basic.cy.js",
      "beforeHooks": [],
      "afterHooks": [],
      "tests": [],
      "suites": [
        {
          "uuid": "b9707deb-4ff2-4a75-8287-49dce9b9f0fc",
          "title": "Basic selector & actions - sauce demo",
          "fullFile": "",
          "file": "",
          "beforeHooks": [],
          "afterHooks": [],
          "tests": [],
          "suites": [
            {
              "uuid": "e111f831-b9bd-4dfb-9f57-cf3dcd74c072",
              "title": "1. Visit page",
              "fullFile": "",
              "file": "",
              "beforeHooks": [],
              "afterHooks": [],
              "tests": [
                {
                  "title": "Should visit the login page (homepage)",
                  "fullTitle": "Basic selector & actions - sauce demo 1. Visit page Should visit the login page (homepage)",
                  "timedOut": null,
                  "duration": 2186,
                  "state": "passed",
                  "speed": "fast",
                  "pass": true,
                  "fail": false,
                  "pending": false,
                  "context": null,
                  "code": "cy.visit(\"https://saucedemo.com/\");\ncy.url().should(\"include\", \"saucedemo.com\");",
                  "err": {},
                  "uuid": "bce7b69f-3d92-40f1-9eb5-97f4cada70f0",
                  "parentUUID": "e111f831-b9bd-4dfb-9f57-cf3dcd74c072",
                  "isHook": false,
                  "skipped": false
                },
                {
                  "title": "Should visit the inventory page (after login)",
                  "fullTitle": "Basic selector & actions - sauce demo 1. Visit page Should visit the inventory page (after login)",
                  "timedOut": null,
                  "duration": 1020,
                  "state": "passed",
                  "speed": "fast",
                  "pass": true,
                  "fail": false,
                  "pending": false,
                  "context": null,
                  "code": "cy.visit(\"https://saucedemo.com/\");\ncy.get(\"#user-name\").type(\"standard_user\");\ncy.get(\"#password\").type(\"secret_sauce\");\ncy.get(\"#login-button\").click();\ncy.location(\"pathname\").should(\"eq\", \"/inventory.html\");",
                  "err": {},
                  "uuid": "258b6675-c164-48bd-8295-6574f45e9c50",
                  "parentUUID": "e111f831-b9bd-4dfb-9f57-cf3dcd74c072",
                  "isHook": false,
                  "skipped": false
                },
                {
                  "title": "Should visit the cart page (after login()",
                  "fullTitle": "Basic selector & actions - sauce demo 1. Visit page Should visit the cart page (after login()",
                  "timedOut": null,
                  "duration": 1409,
                  "state": "passed",
                  "speed": "fast",
                  "pass": true,
                  "fail": false,
                  "pending": false,
                  "context": null,
                  "code": "cy.visit(\"https://saucedemo.com/\");\ncy.get(\"#user-name\").type(\"standard_user\");\ncy.get(\"#password\").type(\"secret_sauce\");\ncy.get(\"#login-button\").click();\ncy.get(\".shopping_cart_link\").click();\ncy.url().should(\"eq\", \"https://www.saucedemo.com/cart.html\");",
                  "err": {},
                  "uuid": "e5a37e2b-7a46-4d56-9c0f-8edafe9ba02b",
                  "parentUUID": "e111f831-b9bd-4dfb-9f57-cf3dcd74c072",
                  "isHook": false,
                  "skipped": false
                }
              ],
              "suites": [],
              "passes": [
                "bce7b69f-3d92-40f1-9eb5-97f4cada70f0",
                "258b6675-c164-48bd-8295-6574f45e9c50",
                "e5a37e2b-7a46-4d56-9c0f-8edafe9ba02b"
              ],
              "failures": [],
              "pending": [],
              "skipped": [],
              "duration": 4615,
              "root": false,
              "rootEmpty": false,
              "_timeout": 2000
            },
            {
              "uuid": "9af158c3-b39b-41cf-9764-79abb2987df4",
              "title": "2. cy.get - mengambil element",
              "fullFile": "",
              "file": "",
              "beforeHooks": [],
              "afterHooks": [],
              "tests": [
                {
                  "title": "get element by id -> #user-name",
                  "fullTitle": "Basic selector & actions - sauce demo 2. cy.get - mengambil element get element by id -> #user-name",
                  "timedOut": null,
                  "duration": 590,
                  "state": "passed",
                  "speed": "fast",
                  "pass": true,
                  "fail": false,
                  "pending": false,
                  "context": null,
                  "code": "cy.get(\"#user-name\").type(\"standard_user\");",
                  "err": {},
                  "uuid": "e185dd97-913e-4b60-a6e5-bad60577c4ed",
                  "parentUUID": "9af158c3-b39b-41cf-9764-79abb2987df4",
                  "isHook": false,
                  "skipped": false
                },
                {
                  "title": "get element by class -> .login_container",
                  "fullTitle": "Basic selector & actions - sauce demo 2. cy.get - mengambil element get element by class -> .login_container",
                  "timedOut": null,
                  "duration": 548,
                  "state": "passed",
                  "speed": "fast",
                  "pass": true,
                  "fail": false,
                  "pending": false,
                  "context": null,
                  "code": "cy.get(\".login_container\").should(\"be.visible\");",
                  "err": {},
                  "uuid": "d9d5051c-aea1-415c-981d-6a804168cb29",
                  "parentUUID": "9af158c3-b39b-41cf-9764-79abb2987df4",
                  "isHook": false,
                  "skipped": false
                },
                {
                  "title": "get element by tag -> input",
                  "fullTitle": "Basic selector & actions - sauce demo 2. cy.get - mengambil element get element by tag -> input",
                  "timedOut": null,
                  "duration": 166,
                  "state": "passed",
                  "speed": "fast",
                  "pass": true,
                  "fail": false,
                  "pending": false,
                  "context": null,
                  "code": "cy.get(\"input\").should(\"exist\");",
                  "err": {},
                  "uuid": "5e28e484-2432-4d3b-a7a3-2b9cd7f219bb",
                  "parentUUID": "9af158c3-b39b-41cf-9764-79abb2987df4",
                  "isHook": false,
                  "skipped": false
                },
                {
                  "title": "get element by attribute -> input[type=\"password\"]",
                  "fullTitle": "Basic selector & actions - sauce demo 2. cy.get - mengambil element get element by attribute -> input[type=\"password\"]",
                  "timedOut": null,
                  "duration": 147,
                  "state": "passed",
                  "speed": "fast",
                  "pass": true,
                  "fail": false,
                  "pending": false,
                  "context": null,
                  "code": "cy.get('input[type=\"password\"]').should(\"exist\");",
                  "err": {},
                  "uuid": "f12a7c4f-2293-4adf-a3c6-ca3d530d6c8b",
                  "parentUUID": "9af158c3-b39b-41cf-9764-79abb2987df4",
                  "isHook": false,
                  "skipped": false
                },
                {
                  "title": "get element by combined selector -> input#user-name",
                  "fullTitle": "Basic selector & actions - sauce demo 2. cy.get - mengambil element get element by combined selector -> input#user-name",
                  "timedOut": null,
                  "duration": 140,
                  "state": "passed",
                  "speed": "fast",
                  "pass": true,
                  "fail": false,
                  "pending": false,
                  "context": null,
                  "code": "cy.get(\"input#user-name\").should(\"exist\");",
                  "err": {},
                  "uuid": "d4ad6132-3d3e-44c9-b1ba-98fd59ebd8e6",
                  "parentUUID": "9af158c3-b39b-41cf-9764-79abb2987df4",
                  "isHook": false,
                  "skipped": false
                },
                {
                  "title": "get element by text -> cy.contains()",
                  "fullTitle": "Basic selector & actions - sauce demo 2. cy.get - mengambil element get element by text -> cy.contains()",
                  "timedOut": null,
                  "duration": 124,
                  "state": "passed",
                  "speed": "fast",
                  "pass": true,
                  "fail": false,
                  "pending": false,
                  "context": null,
                  "code": "cy.contains(\"Swag Labs\").should(\"be.visible\");",
                  "err": {},
                  "uuid": "3fdb624c-508d-4d9a-9425-86a1094c2d20",
                  "parentUUID": "9af158c3-b39b-41cf-9764-79abb2987df4",
                  "isHook": false,
                  "skipped": false
                }
              ],
              "suites": [],
              "passes": [
                "e185dd97-913e-4b60-a6e5-bad60577c4ed",
                "d9d5051c-aea1-415c-981d-6a804168cb29",
                "5e28e484-2432-4d3b-a7a3-2b9cd7f219bb",
                "f12a7c4f-2293-4adf-a3c6-ca3d530d6c8b",
                "d4ad6132-3d3e-44c9-b1ba-98fd59ebd8e6",
                "3fdb624c-508d-4d9a-9425-86a1094c2d20"
              ],
              "failures": [],
              "pending": [],
              "skipped": [],
              "duration": 1715,
              "root": false,
              "rootEmpty": false,
              "_timeout": 2000
            },
            {
              "uuid": "2c780798-b83b-4806-bd2c-d85aa4153aa7",
              "title": "2. cy.get - Mengambil Element",
              "fullFile": "",
              "file": "",
              "beforeHooks": [],
              "afterHooks": [],
              "tests": [
                {
                  "title": "get element by ID → #user-name",
                  "fullTitle": "Basic selector & actions - sauce demo 2. cy.get - Mengambil Element get element by ID → #user-name",
                  "timedOut": null,
                  "duration": 135,
                  "state": "passed",
                  "speed": "fast",
                  "pass": true,
                  "fail": false,
                  "pending": false,
                  "context": null,
                  "code": "cy.get(\"#user-name\").should(\"exist\");\n// # → CSS selector untuk ID\n// .should('exist') → Memverifikasi elemen ada di DOM",
                  "err": {},
                  "uuid": "09e7252a-2a1d-44e8-86f6-ca20e87140d3",
                  "parentUUID": "2c780798-b83b-4806-bd2c-d85aa4153aa7",
                  "isHook": false,
                  "skipped": false
                },
                {
                  "title": "get element by Class → .login_container",
                  "fullTitle": "Basic selector & actions - sauce demo 2. cy.get - Mengambil Element get element by Class → .login_container",
                  "timedOut": null,
                  "duration": 141,
                  "state": "passed",
                  "speed": "fast",
                  "pass": true,
                  "fail": false,
                  "pending": false,
                  "context": null,
                  "code": "cy.get(\".login_container\").should(\"be.visible\");\n// . → CSS selector untuk Class\n// 'be.visible' → Elemen ada di DOM DAN terlihat oleh user",
                  "err": {},
                  "uuid": "4ab4845f-2266-4bc0-b293-c4c725bb5cbc",
                  "parentUUID": "2c780798-b83b-4806-bd2c-d85aa4153aa7",
                  "isHook": false,
                  "skipped": false
                },
                {
                  "title": "get element by Tag → input",
                  "fullTitle": "Basic selector & actions - sauce demo 2. cy.get - Mengambil Element get element by Tag → input",
                  "timedOut": null,
                  "duration": 368,
                  "state": "passed",
                  "speed": "fast",
                  "pass": true,
                  "fail": false,
                  "pending": false,
                  "context": null,
                  "code": "cy.get(\"input\").should(\"exist\");\n// Tanpa # atau . → Mengambil berdasarkan tag HTML langsung",
                  "err": {},
                  "uuid": "7a2a3119-2ad0-478f-b6f1-5879c6540782",
                  "parentUUID": "2c780798-b83b-4806-bd2c-d85aa4153aa7",
                  "isHook": false,
                  "skipped": false
                },
                {
                  "title": "get element by Attribute → input[type=\"password\"]",
                  "fullTitle": "Basic selector & actions - sauce demo 2. cy.get - Mengambil Element get element by Attribute → input[type=\"password\"]",
                  "timedOut": null,
                  "duration": 131,
                  "state": "passed",
                  "speed": "fast",
                  "pass": true,
                  "fail": false,
                  "pending": false,
                  "context": null,
                  "code": "cy.get('input[type=\"password\"]').should(\"exist\");\n// [attribute=\"value\"] → Selector berdasarkan atribut HTML\n// Mengambil <input> yang punya type=\"password\"",
                  "err": {},
                  "uuid": "440fb829-7283-458e-9fad-0d4c39de54b2",
                  "parentUUID": "2c780798-b83b-4806-bd2c-d85aa4153aa7",
                  "isHook": false,
                  "skipped": false
                },
                {
                  "title": "get element by Combined selector → input#user-name",
                  "fullTitle": "Basic selector & actions - sauce demo 2. cy.get - Mengambil Element get element by Combined selector → input#user-name",
                  "timedOut": null,
                  "duration": 146,
                  "state": "passed",
                  "speed": "fast",
                  "pass": true,
                  "fail": false,
                  "pending": false,
                  "context": null,
                  "code": "cy.get(\"input#user-name\").should(\"exist\");\n// Kombinasi: tag + ID → lebih spesifik\n// Cari elemen <input> yang punya id=\"user-name\"",
                  "err": {},
                  "uuid": "0ccf4b0e-2f33-44ad-9354-e1bf63139f41",
                  "parentUUID": "2c780798-b83b-4806-bd2c-d85aa4153aa7",
                  "isHook": false,
                  "skipped": false
                },
                {
                  "title": "get element by Text → cy.contains()",
                  "fullTitle": "Basic selector & actions - sauce demo 2. cy.get - Mengambil Element get element by Text → cy.contains()",
                  "timedOut": null,
                  "duration": 154,
                  "state": "passed",
                  "speed": "fast",
                  "pass": true,
                  "fail": false,
                  "pending": false,
                  "context": null,
                  "code": "cy.contains(\"Swag Labs\").should(\"be.visible\");\n// cy.contains() → Mencari elemen berdasarkan TEXT CONTENT\n// Berbeda dengan cy.get() yang pakai CSS selector",
                  "err": {},
                  "uuid": "9aa29dda-22a0-4772-a63e-51c2675c8940",
                  "parentUUID": "2c780798-b83b-4806-bd2c-d85aa4153aa7",
                  "isHook": false,
                  "skipped": false
                }
              ],
              "suites": [],
              "passes": [
                "09e7252a-2a1d-44e8-86f6-ca20e87140d3",
                "4ab4845f-2266-4bc0-b293-c4c725bb5cbc",
                "7a2a3119-2ad0-478f-b6f1-5879c6540782",
                "440fb829-7283-458e-9fad-0d4c39de54b2",
                "0ccf4b0e-2f33-44ad-9354-e1bf63139f41",
                "9aa29dda-22a0-4772-a63e-51c2675c8940"
              ],
              "failures": [],
              "pending": [],
              "skipped": [],
              "duration": 1075,
              "root": false,
              "rootEmpty": false,
              "_timeout": 2000
            },
            {
              "uuid": "e99e3330-6be3-465f-9ed2-4cef2187b762",
              "title": "4. Click - Klik Element",
              "fullFile": "",
              "file": "",
              "beforeHooks": [],
              "afterHooks": [],
              "tests": [
                {
                  "title": "should click login button to login",
                  "fullTitle": "Basic selector & actions - sauce demo 4. Click - Klik Element should click login button to login",
                  "timedOut": null,
                  "duration": 882,
                  "state": "passed",
                  "speed": "fast",
                  "pass": true,
                  "fail": false,
                  "pending": false,
                  "context": null,
                  "code": "cy.visit(\"https://www.saucedemo.com/\");\ncy.get(\"#user-name\").type(\"standard_user\");\ncy.get(\"#password\").type(\"secret_sauce\");\ncy.get(\"#login-button\").click();\ncy.url().should(\"include\", \"/inventory.html\");",
                  "err": {},
                  "uuid": "e501829d-5fe1-475b-b71c-0c9727866854",
                  "parentUUID": "e99e3330-6be3-465f-9ed2-4cef2187b762",
                  "isHook": false,
                  "skipped": false
                }
              ],
              "suites": [
                {
                  "uuid": "fb667c90-14d1-44f9-9a44-e0d9e36fd487",
                  "title": "5. Assertions - Validasi Element",
                  "fullFile": "",
                  "file": "",
                  "beforeHooks": [],
                  "afterHooks": [],
                  "tests": [
                    {
                      "title": "should verify element EXISTS",
                      "fullTitle": "Basic selector & actions - sauce demo 4. Click - Klik Element 5. Assertions - Validasi Element should verify element EXISTS",
                      "timedOut": null,
                      "duration": 140,
                      "state": "passed",
                      "speed": "fast",
                      "pass": true,
                      "fail": false,
                      "pending": false,
                      "context": null,
                      "code": "cy.get(\".login_container\").should(\"exist\");",
                      "err": {},
                      "uuid": "29273c44-0cb3-4d72-92f0-c0c3ac5d51ee",
                      "parentUUID": "fb667c90-14d1-44f9-9a44-e0d9e36fd487",
                      "isHook": false,
                      "skipped": false
                    },
                    {
                      "title": "should verify element IS VISIBLE",
                      "fullTitle": "Basic selector & actions - sauce demo 4. Click - Klik Element 5. Assertions - Validasi Element should verify element IS VISIBLE",
                      "timedOut": null,
                      "duration": 154,
                      "state": "passed",
                      "speed": "fast",
                      "pass": true,
                      "fail": false,
                      "pending": false,
                      "context": null,
                      "code": "cy.get(\".login_container\").should(\"be.visible\");",
                      "err": {},
                      "uuid": "26b19a8a-762a-4d47-ae22-4272f5d524ad",
                      "parentUUID": "fb667c90-14d1-44f9-9a44-e0d9e36fd487",
                      "isHook": false,
                      "skipped": false
                    },
                    {
                      "title": "should verify element HAS ATTRIBUTE",
                      "fullTitle": "Basic selector & actions - sauce demo 4. Click - Klik Element 5. Assertions - Validasi Element should verify element HAS ATTRIBUTE",
                      "timedOut": null,
                      "duration": 144,
                      "state": "passed",
                      "speed": "fast",
                      "pass": true,
                      "fail": false,
                      "pending": false,
                      "context": null,
                      "code": "cy.get(\"#user-name\").should(\"have.attr\", \"placeholder\", \"Username\");",
                      "err": {},
                      "uuid": "5142d61a-aa64-48b8-a627-5c3698738f50",
                      "parentUUID": "fb667c90-14d1-44f9-9a44-e0d9e36fd487",
                      "isHook": false,
                      "skipped": false
                    },
                    {
                      "title": "should verify element count (HAVE LENGTH)",
                      "fullTitle": "Basic selector & actions - sauce demo 4. Click - Klik Element 5. Assertions - Validasi Element should verify element count (HAVE LENGTH)",
                      "timedOut": null,
                      "duration": 157,
                      "state": "passed",
                      "speed": "fast",
                      "pass": true,
                      "fail": false,
                      "pending": false,
                      "context": null,
                      "code": "cy.get(\"input\").should(\"have.length.greaterThan\", 1);",
                      "err": {},
                      "uuid": "fec76280-7cc2-40c6-ad4f-28551514570f",
                      "parentUUID": "fb667c90-14d1-44f9-9a44-e0d9e36fd487",
                      "isHook": false,
                      "skipped": false
                    },
                    {
                      "title": "should verify page TITLE",
                      "fullTitle": "Basic selector & actions - sauce demo 4. Click - Klik Element 5. Assertions - Validasi Element should verify page TITLE",
                      "timedOut": null,
                      "duration": 152,
                      "state": "passed",
                      "speed": "fast",
                      "pass": true,
                      "fail": false,
                      "pending": false,
                      "context": null,
                      "code": "cy.title().should(\"contain\", \"Swag Labs\");",
                      "err": {},
                      "uuid": "51f65a33-bb9f-4a6b-a718-d02ff5f4dd86",
                      "parentUUID": "fb667c90-14d1-44f9-9a44-e0d9e36fd487",
                      "isHook": false,
                      "skipped": false
                    },
                    {
                      "title": "should verify URL contains specific path",
                      "fullTitle": "Basic selector & actions - sauce demo 4. Click - Klik Element 5. Assertions - Validasi Element should verify URL contains specific path",
                      "timedOut": null,
                      "duration": 147,
                      "state": "passed",
                      "speed": "fast",
                      "pass": true,
                      "fail": false,
                      "pending": false,
                      "context": null,
                      "code": "cy.url().should(\"include\", \"saucedemo.com\");",
                      "err": {},
                      "uuid": "08e28d66-28c6-4716-a783-ed01e760a9a0",
                      "parentUUID": "fb667c90-14d1-44f9-9a44-e0d9e36fd487",
                      "isHook": false,
                      "skipped": false
                    }
                  ],
                  "suites": [],
                  "passes": [
                    "29273c44-0cb3-4d72-92f0-c0c3ac5d51ee",
                    "26b19a8a-762a-4d47-ae22-4272f5d524ad",
                    "5142d61a-aa64-48b8-a627-5c3698738f50",
                    "fec76280-7cc2-40c6-ad4f-28551514570f",
                    "51f65a33-bb9f-4a6b-a718-d02ff5f4dd86",
                    "08e28d66-28c6-4716-a783-ed01e760a9a0"
                  ],
                  "failures": [],
                  "pending": [],
                  "skipped": [],
                  "duration": 894,
                  "root": false,
                  "rootEmpty": false,
                  "_timeout": 2000
                },
                {
                  "uuid": "a34bd6ee-45f7-4d91-b6ea-e409525d41e0",
                  "title": "6. Wait - Menunggu",
                  "fullFile": "",
                  "file": "",
                  "beforeHooks": [],
                  "afterHooks": [],
                  "tests": [
                    {
                      "title": "should wait 2 seconds before checking the page",
                      "fullTitle": "Basic selector & actions - sauce demo 4. Click - Klik Element 6. Wait - Menunggu should wait 2 seconds before checking the page",
                      "timedOut": null,
                      "duration": 2144,
                      "state": "passed",
                      "speed": "fast",
                      "pass": true,
                      "fail": false,
                      "pending": false,
                      "context": null,
                      "code": "cy.visit(\"https://www.saucedemo.com/\");\ncy.wait(2000); // Tunggu 2 detik\ncy.get(\".login_container\").should(\"be.visible\");",
                      "err": {},
                      "uuid": "2d8d915c-9d25-4426-98f6-f7dfb3301936",
                      "parentUUID": "a34bd6ee-45f7-4d91-b6ea-e409525d41e0",
                      "isHook": false,
                      "skipped": false
                    },
                    {
                      "title": "should wait between actions",
                      "fullTitle": "Basic selector & actions - sauce demo 4. Click - Klik Element 6. Wait - Menunggu should wait between actions",
                      "timedOut": null,
                      "duration": 2808,
                      "state": "passed",
                      "speed": "fast",
                      "pass": true,
                      "fail": false,
                      "pending": false,
                      "context": null,
                      "code": "cy.visit(\"https://www.saucedemo.com/\");\ncy.get(\"#user-name\").type(\"standard_user\");\ncy.wait(1000); // Tunggu 1 detik\ncy.get(\"#password\").type(\"secret_sauce\");\ncy.wait(1000); // Tunggu 1 detik\ncy.get(\"#user-name\").should(\"have.value\", \"standard_user\");\ncy.get(\"#password\").should(\"have.value\", \"secret_sauce\");",
                      "err": {},
                      "uuid": "8b6d5126-11ae-413d-8fda-02aa3989d996",
                      "parentUUID": "a34bd6ee-45f7-4d91-b6ea-e409525d41e0",
                      "isHook": false,
                      "skipped": false
                    },
                    {
                      "title": "should wait after clicking login",
                      "fullTitle": "Basic selector & actions - sauce demo 4. Click - Klik Element 6. Wait - Menunggu should wait after clicking login",
                      "timedOut": null,
                      "duration": 2925,
                      "state": "passed",
                      "speed": "fast",
                      "pass": true,
                      "fail": false,
                      "pending": false,
                      "context": null,
                      "code": "cy.visit(\"https://www.saucedemo.com/\");\ncy.get(\"#user-name\").type(\"standard_user\");\ncy.get(\"#password\").type(\"secret_sauce\");\ncy.get(\"#login-button\").click();\ncy.wait(2000); // Tunggu halaman selesai load\ncy.url().should(\"include\", \"/inventory.html\");\ncy.get(\".title\").should(\"contain.text\", \"Products\");",
                      "err": {},
                      "uuid": "ab632bd5-f382-48d9-9799-7c531f8a2d3b",
                      "parentUUID": "a34bd6ee-45f7-4d91-b6ea-e409525d41e0",
                      "isHook": false,
                      "skipped": false
                    }
                  ],
                  "suites": [],
                  "passes": [
                    "2d8d915c-9d25-4426-98f6-f7dfb3301936",
                    "8b6d5126-11ae-413d-8fda-02aa3989d996",
                    "ab632bd5-f382-48d9-9799-7c531f8a2d3b"
                  ],
                  "failures": [],
                  "pending": [],
                  "skipped": [],
                  "duration": 7877,
                  "root": false,
                  "rootEmpty": false,
                  "_timeout": 2000
                }
              ],
              "passes": [
                "e501829d-5fe1-475b-b71c-0c9727866854"
              ],
              "failures": [],
              "pending": [],
              "skipped": [],
              "duration": 882,
              "root": false,
              "rootEmpty": false,
              "_timeout": 2000
            }
          ],
          "passes": [],
          "failures": [],
          "pending": [],
          "skipped": [],
          "duration": 0,
          "root": false,
          "rootEmpty": false,
          "_timeout": 2000
        }
      ],
      "passes": [],
      "failures": [],
      "pending": [],
      "skipped": [],
      "duration": 0,
      "root": true,
      "rootEmpty": true,
      "_timeout": 2000
    }
  ],
  "meta": {
    "mocha": {
      "version": "7.2.0"
    },
    "mochawesome": {
      "options": {
        "quiet": false,
        "reportFilename": "mochawesome",
        "saveHtml": true,
        "saveJson": true,
        "consoleReporter": "spec",
        "useInlineDiffs": false,
        "code": true
      },
      "version": "7.1.4"
    },
    "marge": {
      "options": {
        "reportDir": "cypress/results",
        "overwrite": false,
        "html": true,
        "json": true
      },
      "version": "6.3.2"
    }
  }
}