{
  "stats": {
    "suites": 0,
    "tests": 0,
    "passes": 0,
    "pending": 0,
    "failures": 0,
    "start": "2026-03-04T03:01:21.578Z",
    "end": "2026-03-04T03:01:22.211Z",
    "duration": 633,
    "testsRegistered": 25,
    "passPercent": 0,
    "pendingPercent": 0,
    "other": 2,
    "hasOther": true,
    "skipped": 24,
    "hasSkipped": true
  },
  "results": [
    {
      "uuid": "7e4ae5de-6907-4cb6-927b-96478eb614d1",
      "title": "",
      "fullFile": "cypress\\e2e\\basic.cy.js",
      "file": "cypress\\e2e\\basic.cy.js",
      "beforeHooks": [],
      "afterHooks": [],
      "tests": [],
      "suites": [
        {
          "uuid": "b90fcbb9-e44b-4633-a39f-8b724efb5a21",
          "title": "Basic selector & actions - sauce demo",
          "fullFile": "",
          "file": "",
          "beforeHooks": [],
          "afterHooks": [],
          "tests": [],
          "suites": [
            {
              "uuid": "a0a8574f-0dca-49a9-9dd3-4823f9000989",
              "title": "1. Visit page",
              "fullFile": "",
              "file": "",
              "beforeHooks": [],
              "afterHooks": [],
              "tests": [
                {
                  "title": "Should visit the login page (homepage)",
                  "fullTitle": "Basic selector & actions - sauce demo 1. Visit page Should visit the login page (homepage)",
                  "timedOut": null,
                  "duration": 0,
                  "state": "failed",
                  "speed": null,
                  "pass": false,
                  "fail": true,
                  "pending": false,
                  "context": null,
                  "code": "cy.visit(\"https://saucedemo.com/\");\ncy.url().should(\"include\", \"saucedemo.com\");",
                  "err": {
                    "message": "CypressError: `cy.task('writeAllureResults')` failed with the following error:\n\nThe 'task' event has not been registered in the setupNodeEvents method. You must register it before using cy.task()\n\nFix this in your setupNodeEvents method here:\nD:\\BeriJalan\\QC\\automation\\cypress.config.js\n\nhttps://on.cypress.io/api/task\n\nBecause this error occurred during a `after all` hook we are skipping all of the remaining tests.",
                    "estack": "CypressError: `cy.task('writeAllureResults')` failed with the following error:\n\nThe 'task' event has not been registered in the setupNodeEvents method. You must register it before using cy.task()\n\nFix this in your setupNodeEvents method here:\nD:\\BeriJalan\\QC\\automation\\cypress.config.js\n\nhttps://on.cypress.io/api/task\n\nBecause this error occurred during a `after all` hook we are skipping all of the remaining tests.\n    at <unknown> (https://saucedemo.com/__cypress/runner/cypress_runner.js:138702:72)\n    at tryCatcher (https://saucedemo.com/__cypress/runner/cypress_runner.js:1777:23)\n    at Promise._settlePromiseFromHandler (https://saucedemo.com/__cypress/runner/cypress_runner.js:1489:31)\n    at Promise._settlePromise (https://saucedemo.com/__cypress/runner/cypress_runner.js:1546:18)\n    at Promise._settlePromise0 (https://saucedemo.com/__cypress/runner/cypress_runner.js:1591:10)\n    at Promise._settlePromises (https://saucedemo.com/__cypress/runner/cypress_runner.js:1667:18)\n    at _drainQueueStep (https://saucedemo.com/__cypress/runner/cypress_runner.js:2377:12)\n    at _drainQueue (https://saucedemo.com/__cypress/runner/cypress_runner.js:2370:9)\n    at Async._drainQueues (https://saucedemo.com/__cypress/runner/cypress_runner.js:2386:5)\n    at Async.drainQueues (https://saucedemo.com/__cypress/runner/cypress_runner.js:2256:14)\nFrom Your Spec Code:\n    at invokeResultsWriter (webpack:///./node_modules/@shelex/cypress-allure-plugin/reporter/index.js:90:0)\n    at Context.eval (webpack:///./node_modules/@shelex/cypress-allure-plugin/reporter/index.js:436:0)\n    at getRet (https://saucedemo.com/__cypress/runner/cypress_runner.js:122806:20)\n    at tryCatcher (https://saucedemo.com/__cypress/runner/cypress_runner.js:1777:23)\n    at Promise.attempt.Promise.try (https://saucedemo.com/__cypress/runner/cypress_runner.js:4285:29)\n    at Context.thenFn (https://saucedemo.com/__cypress/runner/cypress_runner.js:122817:66)\n    at Context.then (https://saucedemo.com/__cypress/runner/cypress_runner.js:123068:21)\n    at wrapped (https://saucedemo.com/__cypress/runner/cypress_runner.js:146326:19)",
                    "diff": null
                  },
                  "uuid": "93712b41-deda-4170-ac8e-068b1703650d",
                  "parentUUID": null,
                  "isHook": false,
                  "skipped": false
                },
                {
                  "title": "Should visit the inventory page (after login)",
                  "fullTitle": "Basic selector & actions - sauce demo 1. Visit page Should visit the inventory page (after login)",
                  "timedOut": null,
                  "duration": 0,
                  "state": "skipped",
                  "speed": null,
                  "pass": false,
                  "fail": false,
                  "pending": false,
                  "context": null,
                  "code": "cy.visit(\"https://saucedemo.com/\");\ncy.get(\"#user-name\").type(\"standard_user\");\ncy.get(\"#password\").type(\"secret_sauce\");\ncy.get(\"#login-button\").click();\ncy.location(\"pathname\").should(\"eq\", \"/inventory.html\");",
                  "err": {},
                  "uuid": "a49f2eac-02a2-4c3d-95a9-40292eb9e056",
                  "parentUUID": null,
                  "isHook": false,
                  "skipped": true
                },
                {
                  "title": "Should visit the cart page (after login()",
                  "fullTitle": "Basic selector & actions - sauce demo 1. Visit page Should visit the cart page (after login()",
                  "timedOut": null,
                  "duration": 0,
                  "state": "skipped",
                  "speed": null,
                  "pass": false,
                  "fail": false,
                  "pending": false,
                  "context": null,
                  "code": "cy.visit(\"https://saucedemo.com/\");\ncy.get(\"#user-name\").type(\"standard_user\");\ncy.get(\"#password\").type(\"secret_sauce\");\ncy.get(\"#login-button\").click();\ncy.get(\".shopping_cart_link\").click();\ncy.url().should(\"eq\", \"https://www.saucedemo.com/cart.html\");",
                  "err": {},
                  "uuid": "4c57af61-114b-45de-8a8b-1f0519e27518",
                  "parentUUID": null,
                  "isHook": false,
                  "skipped": true
                }
              ],
              "suites": [],
              "passes": [],
              "failures": [
                "93712b41-deda-4170-ac8e-068b1703650d"
              ],
              "pending": [],
              "skipped": [
                "a49f2eac-02a2-4c3d-95a9-40292eb9e056",
                "4c57af61-114b-45de-8a8b-1f0519e27518"
              ],
              "duration": 0,
              "root": false,
              "rootEmpty": false,
              "_timeout": 2000
            },
            {
              "uuid": "e06f055a-c362-454c-ac86-adbaa87e7c3d",
              "title": "2. cy.get - mengambil element",
              "fullFile": "",
              "file": "",
              "beforeHooks": [],
              "afterHooks": [],
              "tests": [
                {
                  "title": "get element by id -> #user-name",
                  "fullTitle": "Basic selector & actions - sauce demo 2. cy.get - mengambil element get element by id -> #user-name",
                  "timedOut": null,
                  "duration": 0,
                  "state": "skipped",
                  "speed": null,
                  "pass": false,
                  "fail": false,
                  "pending": false,
                  "context": null,
                  "code": "cy.get(\"#user-name\").type(\"standard_user\");",
                  "err": {},
                  "uuid": "196b7e40-f9e0-473d-bc30-1c15024c624c",
                  "parentUUID": null,
                  "isHook": false,
                  "skipped": true
                },
                {
                  "title": "get element by class -> .login_container",
                  "fullTitle": "Basic selector & actions - sauce demo 2. cy.get - mengambil element get element by class -> .login_container",
                  "timedOut": null,
                  "duration": 0,
                  "state": "skipped",
                  "speed": null,
                  "pass": false,
                  "fail": false,
                  "pending": false,
                  "context": null,
                  "code": "cy.get(\".login_container\").should(\"be.visible\");",
                  "err": {},
                  "uuid": "bfc23763-fe21-460b-8545-118487520817",
                  "parentUUID": null,
                  "isHook": false,
                  "skipped": true
                },
                {
                  "title": "get element by tag -> input",
                  "fullTitle": "Basic selector & actions - sauce demo 2. cy.get - mengambil element get element by tag -> input",
                  "timedOut": null,
                  "duration": 0,
                  "state": "skipped",
                  "speed": null,
                  "pass": false,
                  "fail": false,
                  "pending": false,
                  "context": null,
                  "code": "cy.get(\"input\").should(\"exist\");",
                  "err": {},
                  "uuid": "d861db33-a692-453b-a2b0-728434f4dc75",
                  "parentUUID": null,
                  "isHook": false,
                  "skipped": true
                },
                {
                  "title": "get element by attribute -> input[type=\"password\"]",
                  "fullTitle": "Basic selector & actions - sauce demo 2. cy.get - mengambil element get element by attribute -> input[type=\"password\"]",
                  "timedOut": null,
                  "duration": 0,
                  "state": "skipped",
                  "speed": null,
                  "pass": false,
                  "fail": false,
                  "pending": false,
                  "context": null,
                  "code": "cy.get('input[type=\"password\"]').should(\"exist\");",
                  "err": {},
                  "uuid": "3a26f90d-851b-48e5-a8f0-83f5f6c6a67a",
                  "parentUUID": null,
                  "isHook": false,
                  "skipped": true
                },
                {
                  "title": "get element by combined selector -> input#user-name",
                  "fullTitle": "Basic selector & actions - sauce demo 2. cy.get - mengambil element get element by combined selector -> input#user-name",
                  "timedOut": null,
                  "duration": 0,
                  "state": "skipped",
                  "speed": null,
                  "pass": false,
                  "fail": false,
                  "pending": false,
                  "context": null,
                  "code": "cy.get(\"input#user-name\").should(\"exist\");",
                  "err": {},
                  "uuid": "d54021fe-ce36-4803-ad3a-b0f2960055d5",
                  "parentUUID": null,
                  "isHook": false,
                  "skipped": true
                },
                {
                  "title": "get element by text -> cy.contains()",
                  "fullTitle": "Basic selector & actions - sauce demo 2. cy.get - mengambil element get element by text -> cy.contains()",
                  "timedOut": null,
                  "duration": 0,
                  "state": "skipped",
                  "speed": null,
                  "pass": false,
                  "fail": false,
                  "pending": false,
                  "context": null,
                  "code": "cy.contains(\"Swag Labs\").should(\"be.visible\");",
                  "err": {},
                  "uuid": "36b462ef-c6cd-4efc-87a7-148a6cb8840f",
                  "parentUUID": null,
                  "isHook": false,
                  "skipped": true
                }
              ],
              "suites": [],
              "passes": [],
              "failures": [],
              "pending": [],
              "skipped": [
                "196b7e40-f9e0-473d-bc30-1c15024c624c",
                "bfc23763-fe21-460b-8545-118487520817",
                "d861db33-a692-453b-a2b0-728434f4dc75",
                "3a26f90d-851b-48e5-a8f0-83f5f6c6a67a",
                "d54021fe-ce36-4803-ad3a-b0f2960055d5",
                "36b462ef-c6cd-4efc-87a7-148a6cb8840f"
              ],
              "duration": 0,
              "root": false,
              "rootEmpty": false,
              "_timeout": 2000
            },
            {
              "uuid": "cd7158ea-f95b-40f6-b487-8de0d448b6a8",
              "title": "2. cy.get - Mengambil Element",
              "fullFile": "",
              "file": "",
              "beforeHooks": [],
              "afterHooks": [],
              "tests": [
                {
                  "title": "get element by ID → #user-name",
                  "fullTitle": "Basic selector & actions - sauce demo 2. cy.get - Mengambil Element get element by ID → #user-name",
                  "timedOut": null,
                  "duration": 0,
                  "state": "skipped",
                  "speed": null,
                  "pass": false,
                  "fail": false,
                  "pending": false,
                  "context": null,
                  "code": "cy.get(\"#user-name\").should(\"exist\");\n// # → CSS selector untuk ID\n// .should('exist') → Memverifikasi elemen ada di DOM",
                  "err": {},
                  "uuid": "6ff194dd-170b-43bc-b413-8833e63f98c7",
                  "parentUUID": null,
                  "isHook": false,
                  "skipped": true
                },
                {
                  "title": "get element by Class → .login_container",
                  "fullTitle": "Basic selector & actions - sauce demo 2. cy.get - Mengambil Element get element by Class → .login_container",
                  "timedOut": null,
                  "duration": 0,
                  "state": "skipped",
                  "speed": null,
                  "pass": false,
                  "fail": false,
                  "pending": false,
                  "context": null,
                  "code": "cy.get(\".login_container\").should(\"be.visible\");\n// . → CSS selector untuk Class\n// 'be.visible' → Elemen ada di DOM DAN terlihat oleh user",
                  "err": {},
                  "uuid": "b372c53b-cb7e-4549-b2a1-c0a993aa4931",
                  "parentUUID": null,
                  "isHook": false,
                  "skipped": true
                },
                {
                  "title": "get element by Tag → input",
                  "fullTitle": "Basic selector & actions - sauce demo 2. cy.get - Mengambil Element get element by Tag → input",
                  "timedOut": null,
                  "duration": 0,
                  "state": "skipped",
                  "speed": null,
                  "pass": false,
                  "fail": false,
                  "pending": false,
                  "context": null,
                  "code": "cy.get(\"input\").should(\"exist\");\n// Tanpa # atau . → Mengambil berdasarkan tag HTML langsung",
                  "err": {},
                  "uuid": "961132af-1707-43c6-829d-05e5b7c7a320",
                  "parentUUID": null,
                  "isHook": false,
                  "skipped": true
                },
                {
                  "title": "get element by Attribute → input[type=\"password\"]",
                  "fullTitle": "Basic selector & actions - sauce demo 2. cy.get - Mengambil Element get element by Attribute → input[type=\"password\"]",
                  "timedOut": null,
                  "duration": 0,
                  "state": "skipped",
                  "speed": null,
                  "pass": false,
                  "fail": false,
                  "pending": false,
                  "context": null,
                  "code": "cy.get('input[type=\"password\"]').should(\"exist\");\n// [attribute=\"value\"] → Selector berdasarkan atribut HTML\n// Mengambil <input> yang punya type=\"password\"",
                  "err": {},
                  "uuid": "14ad3dae-6c20-4e52-96fe-a7bc6e14abd0",
                  "parentUUID": null,
                  "isHook": false,
                  "skipped": true
                },
                {
                  "title": "get element by Combined selector → input#user-name",
                  "fullTitle": "Basic selector & actions - sauce demo 2. cy.get - Mengambil Element get element by Combined selector → input#user-name",
                  "timedOut": null,
                  "duration": 0,
                  "state": "skipped",
                  "speed": null,
                  "pass": false,
                  "fail": false,
                  "pending": false,
                  "context": null,
                  "code": "cy.get(\"input#user-name\").should(\"exist\");\n// Kombinasi: tag + ID → lebih spesifik\n// Cari elemen <input> yang punya id=\"user-name\"",
                  "err": {},
                  "uuid": "c8427370-3e43-4d68-81c8-454af2ce7609",
                  "parentUUID": null,
                  "isHook": false,
                  "skipped": true
                },
                {
                  "title": "get element by Text → cy.contains()",
                  "fullTitle": "Basic selector & actions - sauce demo 2. cy.get - Mengambil Element get element by Text → cy.contains()",
                  "timedOut": null,
                  "duration": 0,
                  "state": "skipped",
                  "speed": null,
                  "pass": false,
                  "fail": false,
                  "pending": false,
                  "context": null,
                  "code": "cy.contains(\"Swag Labs\").should(\"be.visible\");\n// cy.contains() → Mencari elemen berdasarkan TEXT CONTENT\n// Berbeda dengan cy.get() yang pakai CSS selector",
                  "err": {},
                  "uuid": "f6926649-a9ca-4ed0-82ac-be945a587351",
                  "parentUUID": null,
                  "isHook": false,
                  "skipped": true
                }
              ],
              "suites": [],
              "passes": [],
              "failures": [],
              "pending": [],
              "skipped": [
                "6ff194dd-170b-43bc-b413-8833e63f98c7",
                "b372c53b-cb7e-4549-b2a1-c0a993aa4931",
                "961132af-1707-43c6-829d-05e5b7c7a320",
                "14ad3dae-6c20-4e52-96fe-a7bc6e14abd0",
                "c8427370-3e43-4d68-81c8-454af2ce7609",
                "f6926649-a9ca-4ed0-82ac-be945a587351"
              ],
              "duration": 0,
              "root": false,
              "rootEmpty": false,
              "_timeout": 2000
            },
            {
              "uuid": "979f657e-7dff-4a41-8163-b4bf56884d7a",
              "title": "4. Click - Klik Element",
              "fullFile": "",
              "file": "",
              "beforeHooks": [],
              "afterHooks": [],
              "tests": [
                {
                  "title": "should click login button to login",
                  "fullTitle": "Basic selector & actions - sauce demo 4. Click - Klik Element should click login button to login",
                  "timedOut": null,
                  "duration": 0,
                  "state": "skipped",
                  "speed": null,
                  "pass": false,
                  "fail": false,
                  "pending": false,
                  "context": null,
                  "code": "cy.visit(\"https://www.saucedemo.com/\");\ncy.get(\"#user-name\").type(\"standard_user\");\ncy.get(\"#password\").type(\"secret_sauce\");\ncy.get(\"#login-button\").click();\ncy.url().should(\"include\", \"/inventory.html\");",
                  "err": {},
                  "uuid": "15326aad-cf11-43f4-a580-6d03930bf812",
                  "parentUUID": null,
                  "isHook": false,
                  "skipped": true
                }
              ],
              "suites": [
                {
                  "uuid": "47b24241-814c-4fd1-9e8b-faac03244f08",
                  "title": "5. Assertions - Validasi Element",
                  "fullFile": "",
                  "file": "",
                  "beforeHooks": [],
                  "afterHooks": [],
                  "tests": [
                    {
                      "title": "should verify element EXISTS",
                      "fullTitle": "Basic selector & actions - sauce demo 4. Click - Klik Element 5. Assertions - Validasi Element should verify element EXISTS",
                      "timedOut": null,
                      "duration": 0,
                      "state": "skipped",
                      "speed": null,
                      "pass": false,
                      "fail": false,
                      "pending": false,
                      "context": null,
                      "code": "cy.get(\".login_container\").should(\"exist\");",
                      "err": {},
                      "uuid": "bfcdcdf6-f133-424b-8650-6a4d942a00b9",
                      "parentUUID": null,
                      "isHook": false,
                      "skipped": true
                    },
                    {
                      "title": "should verify element IS VISIBLE",
                      "fullTitle": "Basic selector & actions - sauce demo 4. Click - Klik Element 5. Assertions - Validasi Element should verify element IS VISIBLE",
                      "timedOut": null,
                      "duration": 0,
                      "state": "skipped",
                      "speed": null,
                      "pass": false,
                      "fail": false,
                      "pending": false,
                      "context": null,
                      "code": "cy.get(\".login_container\").should(\"be.visible\");",
                      "err": {},
                      "uuid": "34694609-c7b0-48db-9089-0126fb7b023f",
                      "parentUUID": null,
                      "isHook": false,
                      "skipped": true
                    },
                    {
                      "title": "should verify element HAS ATTRIBUTE",
                      "fullTitle": "Basic selector & actions - sauce demo 4. Click - Klik Element 5. Assertions - Validasi Element should verify element HAS ATTRIBUTE",
                      "timedOut": null,
                      "duration": 0,
                      "state": "skipped",
                      "speed": null,
                      "pass": false,
                      "fail": false,
                      "pending": false,
                      "context": null,
                      "code": "cy.get(\"#user-name\").should(\"have.attr\", \"placeholder\", \"Username\");",
                      "err": {},
                      "uuid": "ea5c2ef4-760a-4c98-96bd-c2e21a874b87",
                      "parentUUID": null,
                      "isHook": false,
                      "skipped": true
                    },
                    {
                      "title": "should verify element count (HAVE LENGTH)",
                      "fullTitle": "Basic selector & actions - sauce demo 4. Click - Klik Element 5. Assertions - Validasi Element should verify element count (HAVE LENGTH)",
                      "timedOut": null,
                      "duration": 0,
                      "state": "skipped",
                      "speed": null,
                      "pass": false,
                      "fail": false,
                      "pending": false,
                      "context": null,
                      "code": "cy.get(\"input\").should(\"have.length.greaterThan\", 1);",
                      "err": {},
                      "uuid": "15a76db9-53d9-47bb-92bd-003a1700ffc0",
                      "parentUUID": null,
                      "isHook": false,
                      "skipped": true
                    },
                    {
                      "title": "should verify page TITLE",
                      "fullTitle": "Basic selector & actions - sauce demo 4. Click - Klik Element 5. Assertions - Validasi Element should verify page TITLE",
                      "timedOut": null,
                      "duration": 0,
                      "state": "skipped",
                      "speed": null,
                      "pass": false,
                      "fail": false,
                      "pending": false,
                      "context": null,
                      "code": "cy.title().should(\"contain\", \"Swag Labs\");",
                      "err": {},
                      "uuid": "3fe21988-2162-430a-be0c-699becc628b6",
                      "parentUUID": null,
                      "isHook": false,
                      "skipped": true
                    },
                    {
                      "title": "should verify URL contains specific path",
                      "fullTitle": "Basic selector & actions - sauce demo 4. Click - Klik Element 5. Assertions - Validasi Element should verify URL contains specific path",
                      "timedOut": null,
                      "duration": 0,
                      "state": "skipped",
                      "speed": null,
                      "pass": false,
                      "fail": false,
                      "pending": false,
                      "context": null,
                      "code": "cy.url().should(\"include\", \"saucedemo.com\");",
                      "err": {},
                      "uuid": "860277e2-c4eb-46cb-bea3-55e4d8c7434d",
                      "parentUUID": null,
                      "isHook": false,
                      "skipped": true
                    }
                  ],
                  "suites": [],
                  "passes": [],
                  "failures": [],
                  "pending": [],
                  "skipped": [
                    "bfcdcdf6-f133-424b-8650-6a4d942a00b9",
                    "34694609-c7b0-48db-9089-0126fb7b023f",
                    "ea5c2ef4-760a-4c98-96bd-c2e21a874b87",
                    "15a76db9-53d9-47bb-92bd-003a1700ffc0",
                    "3fe21988-2162-430a-be0c-699becc628b6",
                    "860277e2-c4eb-46cb-bea3-55e4d8c7434d"
                  ],
                  "duration": 0,
                  "root": false,
                  "rootEmpty": false,
                  "_timeout": 2000
                },
                {
                  "uuid": "95183f12-63c6-453e-b843-e32b84e50de5",
                  "title": "6. Wait - Menunggu",
                  "fullFile": "",
                  "file": "",
                  "beforeHooks": [],
                  "afterHooks": [],
                  "tests": [
                    {
                      "title": "should wait 2 seconds before checking the page",
                      "fullTitle": "Basic selector & actions - sauce demo 4. Click - Klik Element 6. Wait - Menunggu should wait 2 seconds before checking the page",
                      "timedOut": null,
                      "duration": 0,
                      "state": "skipped",
                      "speed": null,
                      "pass": false,
                      "fail": false,
                      "pending": false,
                      "context": null,
                      "code": "cy.visit(\"https://www.saucedemo.com/\");\ncy.wait(2000); // Tunggu 2 detik\ncy.get(\".login_container\").should(\"be.visible\");",
                      "err": {},
                      "uuid": "4d5a6b0b-7251-4a48-8ddd-33c97eabc064",
                      "parentUUID": null,
                      "isHook": false,
                      "skipped": true
                    },
                    {
                      "title": "should wait between actions",
                      "fullTitle": "Basic selector & actions - sauce demo 4. Click - Klik Element 6. Wait - Menunggu should wait between actions",
                      "timedOut": null,
                      "duration": 0,
                      "state": "skipped",
                      "speed": null,
                      "pass": false,
                      "fail": false,
                      "pending": false,
                      "context": null,
                      "code": "cy.visit(\"https://www.saucedemo.com/\");\ncy.get(\"#user-name\").type(\"standard_user\");\ncy.wait(1000); // Tunggu 1 detik\ncy.get(\"#password\").type(\"secret_sauce\");\ncy.wait(1000); // Tunggu 1 detik\ncy.get(\"#user-name\").should(\"have.value\", \"standard_user\");\ncy.get(\"#password\").should(\"have.value\", \"secret_sauce\");",
                      "err": {},
                      "uuid": "a99f5d63-5056-42a9-8249-ad566f57b7d6",
                      "parentUUID": null,
                      "isHook": false,
                      "skipped": true
                    },
                    {
                      "title": "should wait after clicking login",
                      "fullTitle": "Basic selector & actions - sauce demo 4. Click - Klik Element 6. Wait - Menunggu should wait after clicking login",
                      "timedOut": null,
                      "duration": 0,
                      "state": "skipped",
                      "speed": null,
                      "pass": false,
                      "fail": false,
                      "pending": false,
                      "context": null,
                      "code": "cy.visit(\"https://www.saucedemo.com/\");\ncy.get(\"#user-name\").type(\"standard_user\");\ncy.get(\"#password\").type(\"secret_sauce\");\ncy.get(\"#login-button\").click();\ncy.wait(2000); // Tunggu halaman selesai load\ncy.url().should(\"include\", \"/inventory.html\");\ncy.get(\".title\").should(\"contain.text\", \"Products\");",
                      "err": {},
                      "uuid": "b5940c93-16ae-4a99-8df3-cbeed839e6ea",
                      "parentUUID": null,
                      "isHook": false,
                      "skipped": true
                    }
                  ],
                  "suites": [],
                  "passes": [],
                  "failures": [],
                  "pending": [],
                  "skipped": [
                    "4d5a6b0b-7251-4a48-8ddd-33c97eabc064",
                    "a99f5d63-5056-42a9-8249-ad566f57b7d6",
                    "b5940c93-16ae-4a99-8df3-cbeed839e6ea"
                  ],
                  "duration": 0,
                  "root": false,
                  "rootEmpty": false,
                  "_timeout": 2000
                }
              ],
              "passes": [],
              "failures": [],
              "pending": [],
              "skipped": [
                "15326aad-cf11-43f4-a580-6d03930bf812"
              ],
              "duration": 0,
              "root": false,
              "rootEmpty": false,
              "_timeout": 2000
            }
          ],
          "passes": [],
          "failures": [],
          "pending": [],
          "skipped": [],
          "duration": 0,
          "root": false,
          "rootEmpty": false,
          "_timeout": 2000
        }
      ],
      "passes": [],
      "failures": [],
      "pending": [],
      "skipped": [],
      "duration": 0,
      "root": true,
      "rootEmpty": true,
      "_timeout": 2000
    }
  ],
  "meta": {
    "mocha": {
      "version": "7.2.0"
    },
    "mochawesome": {
      "options": {
        "quiet": false,
        "reportFilename": "mochawesome",
        "saveHtml": true,
        "saveJson": true,
        "consoleReporter": "spec",
        "useInlineDiffs": false,
        "code": true
      },
      "version": "7.1.4"
    },
    "marge": {
      "options": {
        "reportDir": "cypress/results",
        "overwrite": false,
        "html": true,
        "json": true
      },
      "version": "6.3.2"
    }
  }
}